ERROR - 2021-11-19 08:40:55 --> Error connecting to the database: No such file or directory
ERROR - 2021-11-19 08:41:02 --> Error connecting to the database: No such file or directory
ERROR - 2021-11-19 08:47:46 --> Error connecting to the database: No such file or directory
CRITICAL - 2021-11-19 08:50:25 --> Class "CodeIgniter\Database\MySQL\Connection" not found
#0 /Users/pramudyasaputra/Sites/grafik/system/Database/Database.php(56): CodeIgniter\Database\Database->initDriver('MySQL', 'CodeIgniter\\Dat...', Array)
#1 /Users/pramudyasaputra/Sites/grafik/system/Database/Config.php(78): CodeIgniter\Database\Database->load(Array, 'default')
#2 /Users/pramudyasaputra/Sites/grafik/system/Common.php(312): CodeIgniter\Database\Config::connect('default', true)
#3 /Users/pramudyasaputra/Sites/grafik/system/Database/MigrationRunner.php(149): db_connect(NULL)
#4 /Users/pramudyasaputra/Sites/grafik/system/Config/Services.php(376): CodeIgniter\Database\MigrationRunner->__construct(NULL, NULL)
#5 /Users/pramudyasaputra/Sites/grafik/system/Config/BaseService.php(248): CodeIgniter\Config\Services::migrations(Object(Config\Migrations), NULL, false)
#6 /Users/pramudyasaputra/Sites/grafik/system/Config/BaseService.php(189): CodeIgniter\Config\BaseService::__callStatic('migrations', Array)
#7 /Users/pramudyasaputra/Sites/grafik/system/Config/Services.php(371): CodeIgniter\Config\BaseService::getSharedInstance('migrations', NULL, NULL)
#8 /Users/pramudyasaputra/Sites/grafik/system/Config/BaseService.php(248): CodeIgniter\Config\Services::migrations()
#9 /Users/pramudyasaputra/Sites/grafik/system/Commands/Database/Migrate.php(69): CodeIgniter\Config\BaseService::__callStatic('migrations', Array)
#10 /Users/pramudyasaputra/Sites/grafik/system/CLI/Commands.php(63): CodeIgniter\Commands\Database\Migrate->run(Array)
#11 /Users/pramudyasaputra/Sites/grafik/system/CLI/CommandRunner.php(70): CodeIgniter\CLI\Commands->run('migrate', Array)
#12 /Users/pramudyasaputra/Sites/grafik/system/CLI/CommandRunner.php(56): CodeIgniter\CLI\CommandRunner->index(Array)
#13 /Users/pramudyasaputra/Sites/grafik/system/CodeIgniter.php(822): CodeIgniter\CLI\CommandRunner->_remap('index', 'migrate')
#14 /Users/pramudyasaputra/Sites/grafik/system/CodeIgniter.php(410): CodeIgniter\CodeIgniter->runController(Object(CodeIgniter\CLI\CommandRunner))
#15 /Users/pramudyasaputra/Sites/grafik/system/CodeIgniter.php(318): CodeIgniter\CodeIgniter->handleRequest(NULL, Object(Config\Cache), false)
#16 /Users/pramudyasaputra/Sites/grafik/system/CLI/Console.php(48): CodeIgniter\CodeIgniter->run()
#17 /Users/pramudyasaputra/Sites/grafik/spark(63): CodeIgniter\CLI\Console->run()
#18 {main}
ERROR - 2021-11-19 08:51:53 --> Error connecting to the database: No such file or directory
ERROR - 2021-11-19 08:52:36 --> Error connecting to the database: No such file or directory
ERROR - 2021-11-19 08:54:37 --> Error connecting to the database: No such file or directory
ERROR - 2021-11-19 08:55:26 --> Error connecting to the database: No such file or directory
ERROR - 2021-11-19 08:56:16 --> Error connecting to the database: No such file or directory
CRITICAL - 2021-11-19 08:56:40 --> Class "CodeIgniter\Database\mysql\Connection" not found
#0 /Users/pramudyasaputra/Sites/grafik/system/Database/Database.php(56): CodeIgniter\Database\Database->initDriver('mysql', 'CodeIgniter\\Dat...', Array)
#1 /Users/pramudyasaputra/Sites/grafik/system/Database/Config.php(78): CodeIgniter\Database\Database->load(Array, 'default')
#2 /Users/pramudyasaputra/Sites/grafik/system/Common.php(312): CodeIgniter\Database\Config::connect('default', true)
#3 /Users/pramudyasaputra/Sites/grafik/system/Database/MigrationRunner.php(149): db_connect(NULL)
#4 /Users/pramudyasaputra/Sites/grafik/system/Config/Services.php(376): CodeIgniter\Database\MigrationRunner->__construct(NULL, NULL)
#5 /Users/pramudyasaputra/Sites/grafik/system/Config/BaseService.php(248): CodeIgniter\Config\Services::migrations(Object(Config\Migrations), NULL, false)
#6 /Users/pramudyasaputra/Sites/grafik/system/Config/BaseService.php(189): CodeIgniter\Config\BaseService::__callStatic('migrations', Array)
#7 /Users/pramudyasaputra/Sites/grafik/system/Config/Services.php(371): CodeIgniter\Config\BaseService::getSharedInstance('migrations', NULL, NULL)
#8 /Users/pramudyasaputra/Sites/grafik/system/Config/BaseService.php(248): CodeIgniter\Config\Services::migrations()
#9 /Users/pramudyasaputra/Sites/grafik/system/Commands/Database/Migrate.php(69): CodeIgniter\Config\BaseService::__callStatic('migrations', Array)
#10 /Users/pramudyasaputra/Sites/grafik/system/CLI/Commands.php(63): CodeIgniter\Commands\Database\Migrate->run(Array)
#11 /Users/pramudyasaputra/Sites/grafik/system/CLI/CommandRunner.php(70): CodeIgniter\CLI\Commands->run('migrate', Array)
#12 /Users/pramudyasaputra/Sites/grafik/system/CLI/CommandRunner.php(56): CodeIgniter\CLI\CommandRunner->index(Array)
#13 /Users/pramudyasaputra/Sites/grafik/system/CodeIgniter.php(822): CodeIgniter\CLI\CommandRunner->_remap('index', 'migrate')
#14 /Users/pramudyasaputra/Sites/grafik/system/CodeIgniter.php(410): CodeIgniter\CodeIgniter->runController(Object(CodeIgniter\CLI\CommandRunner))
#15 /Users/pramudyasaputra/Sites/grafik/system/CodeIgniter.php(318): CodeIgniter\CodeIgniter->handleRequest(NULL, Object(Config\Cache), false)
#16 /Users/pramudyasaputra/Sites/grafik/system/CLI/Console.php(48): CodeIgniter\CodeIgniter->run()
#17 /Users/pramudyasaputra/Sites/grafik/spark(63): CodeIgniter\CLI\Console->run()
#18 {main}
ERROR - 2021-11-19 09:06:49 --> Table 'universitas.barangs' doesn't exist
CRITICAL - 2021-11-19 09:06:49 --> Call to a member function getResult() on bool
#0 /Users/pramudyasaputra/Sites/grafik/system/BaseModel.php(584): CodeIgniter\Model->doFindAll(0, 0)
#1 /Users/pramudyasaputra/Sites/grafik/app/Controllers/BarangController.php(15): CodeIgniter\BaseModel->findAll()
#2 /Users/pramudyasaputra/Sites/grafik/system/CodeIgniter.php(824): App\Controllers\BarangController->index()
#3 /Users/pramudyasaputra/Sites/grafik/system/CodeIgniter.php(410): CodeIgniter\CodeIgniter->runController(Object(App\Controllers\BarangController))
#4 /Users/pramudyasaputra/Sites/grafik/system/CodeIgniter.php(318): CodeIgniter\CodeIgniter->handleRequest(NULL, Object(Config\Cache), false)
#5 /Users/pramudyasaputra/Sites/grafik/public/index.php(37): CodeIgniter\CodeIgniter->run()
#6 /Users/pramudyasaputra/Sites/grafik/system/Commands/Server/rewrite.php(43): require_once('/Users/pramudya...')
#7 {main}
ERROR - 2021-11-19 09:06:54 --> Table 'universitas.barangs' doesn't exist
CRITICAL - 2021-11-19 09:06:54 --> Call to a member function getResult() on bool
#0 /Users/pramudyasaputra/Sites/grafik/system/BaseModel.php(584): CodeIgniter\Model->doFindAll(0, 0)
#1 /Users/pramudyasaputra/Sites/grafik/app/Controllers/BarangController.php(15): CodeIgniter\BaseModel->findAll()
#2 /Users/pramudyasaputra/Sites/grafik/system/CodeIgniter.php(824): App\Controllers\BarangController->index()
#3 /Users/pramudyasaputra/Sites/grafik/system/CodeIgniter.php(410): CodeIgniter\CodeIgniter->runController(Object(App\Controllers\BarangController))
#4 /Users/pramudyasaputra/Sites/grafik/system/CodeIgniter.php(318): CodeIgniter\CodeIgniter->handleRequest(NULL, Object(Config\Cache), false)
#5 /Users/pramudyasaputra/Sites/grafik/public/index.php(37): CodeIgniter\CodeIgniter->run()
#6 /Users/pramudyasaputra/Sites/grafik/system/Commands/Server/rewrite.php(43): require_once('/Users/pramudya...')
#7 {main}
ERROR - 2021-11-19 09:06:54 --> Table 'universitas.barangs' doesn't exist
CRITICAL - 2021-11-19 09:06:54 --> Call to a member function getResult() on bool
#0 /Users/pramudyasaputra/Sites/grafik/system/BaseModel.php(584): CodeIgniter\Model->doFindAll(0, 0)
#1 /Users/pramudyasaputra/Sites/grafik/app/Controllers/BarangController.php(15): CodeIgniter\BaseModel->findAll()
#2 /Users/pramudyasaputra/Sites/grafik/system/CodeIgniter.php(824): App\Controllers\BarangController->index()
#3 /Users/pramudyasaputra/Sites/grafik/system/CodeIgniter.php(410): CodeIgniter\CodeIgniter->runController(Object(App\Controllers\BarangController))
#4 /Users/pramudyasaputra/Sites/grafik/system/CodeIgniter.php(318): CodeIgniter\CodeIgniter->handleRequest(NULL, Object(Config\Cache), false)
#5 /Users/pramudyasaputra/Sites/grafik/public/index.php(37): CodeIgniter\CodeIgniter->run()
#6 /Users/pramudyasaputra/Sites/grafik/system/Commands/Server/rewrite.php(43): require_once('/Users/pramudya...')
#7 {main}
ERROR - 2021-11-19 09:06:55 --> Table 'universitas.barangs' doesn't exist
CRITICAL - 2021-11-19 09:06:55 --> Call to a member function getResult() on bool
#0 /Users/pramudyasaputra/Sites/grafik/system/BaseModel.php(584): CodeIgniter\Model->doFindAll(0, 0)
#1 /Users/pramudyasaputra/Sites/grafik/app/Controllers/BarangController.php(15): CodeIgniter\BaseModel->findAll()
#2 /Users/pramudyasaputra/Sites/grafik/system/CodeIgniter.php(824): App\Controllers\BarangController->index()
#3 /Users/pramudyasaputra/Sites/grafik/system/CodeIgniter.php(410): CodeIgniter\CodeIgniter->runController(Object(App\Controllers\BarangController))
#4 /Users/pramudyasaputra/Sites/grafik/system/CodeIgniter.php(318): CodeIgniter\CodeIgniter->handleRequest(NULL, Object(Config\Cache), false)
#5 /Users/pramudyasaputra/Sites/grafik/public/index.php(37): CodeIgniter\CodeIgniter->run()
#6 /Users/pramudyasaputra/Sites/grafik/system/Commands/Server/rewrite.php(43): require_once('/Users/pramudya...')
#7 {main}
ERROR - 2021-11-19 09:07:14 --> Table 'universitas.barangs' doesn't exist
CRITICAL - 2021-11-19 09:07:14 --> Call to a member function getResult() on bool
#0 /Users/pramudyasaputra/Sites/grafik/system/BaseModel.php(584): CodeIgniter\Model->doFindAll(0, 0)
#1 /Users/pramudyasaputra/Sites/grafik/app/Controllers/BarangController.php(15): CodeIgniter\BaseModel->findAll()
#2 /Users/pramudyasaputra/Sites/grafik/system/CodeIgniter.php(824): App\Controllers\BarangController->index()
#3 /Users/pramudyasaputra/Sites/grafik/system/CodeIgniter.php(410): CodeIgniter\CodeIgniter->runController(Object(App\Controllers\BarangController))
#4 /Users/pramudyasaputra/Sites/grafik/system/CodeIgniter.php(318): CodeIgniter\CodeIgniter->handleRequest(NULL, Object(Config\Cache), false)
#5 /Users/pramudyasaputra/Sites/grafik/public/index.php(37): CodeIgniter\CodeIgniter->run()
#6 /Users/pramudyasaputra/Sites/grafik/system/Commands/Server/rewrite.php(43): require_once('/Users/pramudya...')
#7 {main}
ERROR - 2021-11-19 09:07:15 --> Table 'universitas.barangs' doesn't exist
CRITICAL - 2021-11-19 09:07:15 --> Call to a member function getResult() on bool
#0 /Users/pramudyasaputra/Sites/grafik/system/BaseModel.php(584): CodeIgniter\Model->doFindAll(0, 0)
#1 /Users/pramudyasaputra/Sites/grafik/app/Controllers/BarangController.php(15): CodeIgniter\BaseModel->findAll()
#2 /Users/pramudyasaputra/Sites/grafik/system/CodeIgniter.php(824): App\Controllers\BarangController->index()
#3 /Users/pramudyasaputra/Sites/grafik/system/CodeIgniter.php(410): CodeIgniter\CodeIgniter->runController(Object(App\Controllers\BarangController))
#4 /Users/pramudyasaputra/Sites/grafik/system/CodeIgniter.php(318): CodeIgniter\CodeIgniter->handleRequest(NULL, Object(Config\Cache), false)
#5 /Users/pramudyasaputra/Sites/grafik/public/index.php(37): CodeIgniter\CodeIgniter->run()
#6 /Users/pramudyasaputra/Sites/grafik/system/Commands/Server/rewrite.php(43): require_once('/Users/pramudya...')
#7 {main}
ERROR - 2021-11-19 09:07:27 --> Table 'universitas.barangs' doesn't exist
CRITICAL - 2021-11-19 09:07:27 --> Call to a member function getResult() on bool
#0 /Users/pramudyasaputra/Sites/grafik/system/BaseModel.php(584): CodeIgniter\Model->doFindAll(0, 0)
#1 /Users/pramudyasaputra/Sites/grafik/app/Controllers/BarangController.php(15): CodeIgniter\BaseModel->findAll()
#2 /Users/pramudyasaputra/Sites/grafik/system/CodeIgniter.php(824): App\Controllers\BarangController->index()
#3 /Users/pramudyasaputra/Sites/grafik/system/CodeIgniter.php(410): CodeIgniter\CodeIgniter->runController(Object(App\Controllers\BarangController))
#4 /Users/pramudyasaputra/Sites/grafik/system/CodeIgniter.php(318): CodeIgniter\CodeIgniter->handleRequest(NULL, Object(Config\Cache), false)
#5 /Users/pramudyasaputra/Sites/grafik/public/index.php(37): CodeIgniter\CodeIgniter->run()
#6 /Users/pramudyasaputra/Sites/grafik/system/Commands/Server/rewrite.php(43): require_once('/Users/pramudya...')
#7 {main}
ERROR - 2021-11-19 09:07:28 --> Table 'universitas.barangs' doesn't exist
CRITICAL - 2021-11-19 09:07:28 --> Call to a member function getResult() on bool
#0 /Users/pramudyasaputra/Sites/grafik/system/BaseModel.php(584): CodeIgniter\Model->doFindAll(0, 0)
#1 /Users/pramudyasaputra/Sites/grafik/app/Controllers/BarangController.php(15): CodeIgniter\BaseModel->findAll()
#2 /Users/pramudyasaputra/Sites/grafik/system/CodeIgniter.php(824): App\Controllers\BarangController->index()
#3 /Users/pramudyasaputra/Sites/grafik/system/CodeIgniter.php(410): CodeIgniter\CodeIgniter->runController(Object(App\Controllers\BarangController))
#4 /Users/pramudyasaputra/Sites/grafik/system/CodeIgniter.php(318): CodeIgniter\CodeIgniter->handleRequest(NULL, Object(Config\Cache), false)
#5 /Users/pramudyasaputra/Sites/grafik/public/index.php(37): CodeIgniter\CodeIgniter->run()
#6 /Users/pramudyasaputra/Sites/grafik/system/Commands/Server/rewrite.php(43): require_once('/Users/pramudya...')
#7 {main}
ERROR - 2021-11-19 09:07:29 --> Table 'universitas.barangs' doesn't exist
CRITICAL - 2021-11-19 09:07:29 --> Call to a member function getResult() on bool
#0 /Users/pramudyasaputra/Sites/grafik/system/BaseModel.php(584): CodeIgniter\Model->doFindAll(0, 0)
#1 /Users/pramudyasaputra/Sites/grafik/app/Controllers/BarangController.php(15): CodeIgniter\BaseModel->findAll()
#2 /Users/pramudyasaputra/Sites/grafik/system/CodeIgniter.php(824): App\Controllers\BarangController->index()
#3 /Users/pramudyasaputra/Sites/grafik/system/CodeIgniter.php(410): CodeIgniter\CodeIgniter->runController(Object(App\Controllers\BarangController))
#4 /Users/pramudyasaputra/Sites/grafik/system/CodeIgniter.php(318): CodeIgniter\CodeIgniter->handleRequest(NULL, Object(Config\Cache), false)
#5 /Users/pramudyasaputra/Sites/grafik/public/index.php(37): CodeIgniter\CodeIgniter->run()
#6 /Users/pramudyasaputra/Sites/grafik/system/Commands/Server/rewrite.php(43): require_once('/Users/pramudya...')
#7 {main}
ERROR - 2021-11-19 09:07:29 --> Table 'universitas.barangs' doesn't exist
CRITICAL - 2021-11-19 09:07:29 --> Call to a member function getResult() on bool
#0 /Users/pramudyasaputra/Sites/grafik/system/BaseModel.php(584): CodeIgniter\Model->doFindAll(0, 0)
#1 /Users/pramudyasaputra/Sites/grafik/app/Controllers/BarangController.php(15): CodeIgniter\BaseModel->findAll()
#2 /Users/pramudyasaputra/Sites/grafik/system/CodeIgniter.php(824): App\Controllers\BarangController->index()
#3 /Users/pramudyasaputra/Sites/grafik/system/CodeIgniter.php(410): CodeIgniter\CodeIgniter->runController(Object(App\Controllers\BarangController))
#4 /Users/pramudyasaputra/Sites/grafik/system/CodeIgniter.php(318): CodeIgniter\CodeIgniter->handleRequest(NULL, Object(Config\Cache), false)
#5 /Users/pramudyasaputra/Sites/grafik/public/index.php(37): CodeIgniter\CodeIgniter->run()
#6 /Users/pramudyasaputra/Sites/grafik/system/Commands/Server/rewrite.php(43): require_once('/Users/pramudya...')
#7 {main}
ERROR - 2021-11-19 09:07:39 --> Table 'universitas.barangs' doesn't exist
CRITICAL - 2021-11-19 09:07:39 --> Call to a member function getResult() on bool
#0 /Users/pramudyasaputra/Sites/grafik/system/BaseModel.php(584): CodeIgniter\Model->doFindAll(0, 0)
#1 /Users/pramudyasaputra/Sites/grafik/app/Controllers/BarangController.php(15): CodeIgniter\BaseModel->findAll()
#2 /Users/pramudyasaputra/Sites/grafik/system/CodeIgniter.php(824): App\Controllers\BarangController->index()
#3 /Users/pramudyasaputra/Sites/grafik/system/CodeIgniter.php(410): CodeIgniter\CodeIgniter->runController(Object(App\Controllers\BarangController))
#4 /Users/pramudyasaputra/Sites/grafik/system/CodeIgniter.php(318): CodeIgniter\CodeIgniter->handleRequest(NULL, Object(Config\Cache), false)
#5 /Users/pramudyasaputra/Sites/grafik/public/index.php(37): CodeIgniter\CodeIgniter->run()
#6 /Users/pramudyasaputra/Sites/grafik/system/Commands/Server/rewrite.php(43): require_once('/Users/pramudya...')
#7 {main}
ERROR - 2021-11-19 09:07:40 --> Table 'universitas.barangs' doesn't exist
CRITICAL - 2021-11-19 09:07:40 --> Call to a member function getResult() on bool
#0 /Users/pramudyasaputra/Sites/grafik/system/BaseModel.php(584): CodeIgniter\Model->doFindAll(0, 0)
#1 /Users/pramudyasaputra/Sites/grafik/app/Controllers/BarangController.php(15): CodeIgniter\BaseModel->findAll()
#2 /Users/pramudyasaputra/Sites/grafik/system/CodeIgniter.php(824): App\Controllers\BarangController->index()
#3 /Users/pramudyasaputra/Sites/grafik/system/CodeIgniter.php(410): CodeIgniter\CodeIgniter->runController(Object(App\Controllers\BarangController))
#4 /Users/pramudyasaputra/Sites/grafik/system/CodeIgniter.php(318): CodeIgniter\CodeIgniter->handleRequest(NULL, Object(Config\Cache), false)
#5 /Users/pramudyasaputra/Sites/grafik/public/index.php(37): CodeIgniter\CodeIgniter->run()
#6 /Users/pramudyasaputra/Sites/grafik/system/Commands/Server/rewrite.php(43): require_once('/Users/pramudya...')
#7 {main}
ERROR - 2021-11-19 09:07:40 --> Table 'universitas.barangs' doesn't exist
CRITICAL - 2021-11-19 09:07:40 --> Call to a member function getResult() on bool
#0 /Users/pramudyasaputra/Sites/grafik/system/BaseModel.php(584): CodeIgniter\Model->doFindAll(0, 0)
#1 /Users/pramudyasaputra/Sites/grafik/app/Controllers/BarangController.php(15): CodeIgniter\BaseModel->findAll()
#2 /Users/pramudyasaputra/Sites/grafik/system/CodeIgniter.php(824): App\Controllers\BarangController->index()
#3 /Users/pramudyasaputra/Sites/grafik/system/CodeIgniter.php(410): CodeIgniter\CodeIgniter->runController(Object(App\Controllers\BarangController))
#4 /Users/pramudyasaputra/Sites/grafik/system/CodeIgniter.php(318): CodeIgniter\CodeIgniter->handleRequest(NULL, Object(Config\Cache), false)
#5 /Users/pramudyasaputra/Sites/grafik/public/index.php(37): CodeIgniter\CodeIgniter->run()
#6 /Users/pramudyasaputra/Sites/grafik/system/Commands/Server/rewrite.php(43): require_once('/Users/pramudya...')
#7 {main}
ERROR - 2021-11-19 09:07:40 --> Table 'universitas.barangs' doesn't exist
CRITICAL - 2021-11-19 09:07:40 --> Call to a member function getResult() on bool
#0 /Users/pramudyasaputra/Sites/grafik/system/BaseModel.php(584): CodeIgniter\Model->doFindAll(0, 0)
#1 /Users/pramudyasaputra/Sites/grafik/app/Controllers/BarangController.php(15): CodeIgniter\BaseModel->findAll()
#2 /Users/pramudyasaputra/Sites/grafik/system/CodeIgniter.php(824): App\Controllers\BarangController->index()
#3 /Users/pramudyasaputra/Sites/grafik/system/CodeIgniter.php(410): CodeIgniter\CodeIgniter->runController(Object(App\Controllers\BarangController))
#4 /Users/pramudyasaputra/Sites/grafik/system/CodeIgniter.php(318): CodeIgniter\CodeIgniter->handleRequest(NULL, Object(Config\Cache), false)
#5 /Users/pramudyasaputra/Sites/grafik/public/index.php(37): CodeIgniter\CodeIgniter->run()
#6 /Users/pramudyasaputra/Sites/grafik/system/Commands/Server/rewrite.php(43): require_once('/Users/pramudya...')
#7 {main}
ERROR - 2021-11-19 09:09:17 --> Table 'universitas.barangs' doesn't exist
CRITICAL - 2021-11-19 09:09:17 --> Call to a member function getResult() on bool
#0 /Users/pramudyasaputra/Sites/grafik/system/BaseModel.php(584): CodeIgniter\Model->doFindAll(0, 0)
#1 /Users/pramudyasaputra/Sites/grafik/app/Controllers/BarangController.php(15): CodeIgniter\BaseModel->findAll()
#2 /Users/pramudyasaputra/Sites/grafik/system/CodeIgniter.php(824): App\Controllers\BarangController->index()
#3 /Users/pramudyasaputra/Sites/grafik/system/CodeIgniter.php(410): CodeIgniter\CodeIgniter->runController(Object(App\Controllers\BarangController))
#4 /Users/pramudyasaputra/Sites/grafik/system/CodeIgniter.php(318): CodeIgniter\CodeIgniter->handleRequest(NULL, Object(Config\Cache), false)
#5 /Users/pramudyasaputra/Sites/grafik/public/index.php(37): CodeIgniter\CodeIgniter->run()
#6 /Users/pramudyasaputra/Sites/grafik/system/Commands/Server/rewrite.php(43): require_once('/Users/pramudya...')
#7 {main}
ERROR - 2021-11-19 09:09:29 --> Table 'universitas.barangs' doesn't exist
CRITICAL - 2021-11-19 09:09:29 --> Call to a member function getResult() on bool
#0 /Users/pramudyasaputra/Sites/grafik/system/BaseModel.php(584): CodeIgniter\Model->doFindAll(0, 0)
#1 /Users/pramudyasaputra/Sites/grafik/app/Controllers/BarangController.php(15): CodeIgniter\BaseModel->findAll()
#2 /Users/pramudyasaputra/Sites/grafik/system/CodeIgniter.php(824): App\Controllers\BarangController->index()
#3 /Users/pramudyasaputra/Sites/grafik/system/CodeIgniter.php(410): CodeIgniter\CodeIgniter->runController(Object(App\Controllers\BarangController))
#4 /Users/pramudyasaputra/Sites/grafik/system/CodeIgniter.php(318): CodeIgniter\CodeIgniter->handleRequest(NULL, Object(Config\Cache), false)
#5 /Users/pramudyasaputra/Sites/grafik/public/index.php(37): CodeIgniter\CodeIgniter->run()
#6 /Users/pramudyasaputra/Sites/grafik/system/Commands/Server/rewrite.php(43): require_once('/Users/pramudya...')
#7 {main}
ERROR - 2021-11-19 09:09:32 --> Table 'universitas.barangs' doesn't exist
CRITICAL - 2021-11-19 09:09:32 --> Call to a member function getResult() on bool
#0 /Users/pramudyasaputra/Sites/grafik/system/BaseModel.php(584): CodeIgniter\Model->doFindAll(0, 0)
#1 /Users/pramudyasaputra/Sites/grafik/app/Controllers/BarangController.php(15): CodeIgniter\BaseModel->findAll()
#2 /Users/pramudyasaputra/Sites/grafik/system/CodeIgniter.php(824): App\Controllers\BarangController->index()
#3 /Users/pramudyasaputra/Sites/grafik/system/CodeIgniter.php(410): CodeIgniter\CodeIgniter->runController(Object(App\Controllers\BarangController))
#4 /Users/pramudyasaputra/Sites/grafik/system/CodeIgniter.php(318): CodeIgniter\CodeIgniter->handleRequest(NULL, Object(Config\Cache), false)
#5 /Users/pramudyasaputra/Sites/grafik/public/index.php(37): CodeIgniter\CodeIgniter->run()
#6 /Users/pramudyasaputra/Sites/grafik/system/Commands/Server/rewrite.php(43): require_once('/Users/pramudya...')
#7 {main}
ERROR - 2021-11-19 09:09:58 --> Table 'universitas.barangs' doesn't exist
CRITICAL - 2021-11-19 09:09:58 --> Call to a member function getResult() on bool
#0 /Users/pramudyasaputra/Sites/grafik/system/BaseModel.php(584): CodeIgniter\Model->doFindAll(0, 0)
#1 /Users/pramudyasaputra/Sites/grafik/app/Controllers/BarangController.php(15): CodeIgniter\BaseModel->findAll()
#2 /Users/pramudyasaputra/Sites/grafik/system/CodeIgniter.php(824): App\Controllers\BarangController->index()
#3 /Users/pramudyasaputra/Sites/grafik/system/CodeIgniter.php(410): CodeIgniter\CodeIgniter->runController(Object(App\Controllers\BarangController))
#4 /Users/pramudyasaputra/Sites/grafik/system/CodeIgniter.php(318): CodeIgniter\CodeIgniter->handleRequest(NULL, Object(Config\Cache), false)
#5 /Users/pramudyasaputra/Sites/grafik/public/index.php(37): CodeIgniter\CodeIgniter->run()
#6 /Users/pramudyasaputra/Sites/grafik/system/Commands/Server/rewrite.php(43): require_once('/Users/pramudya...')
#7 {main}
CRITICAL - 2021-11-19 09:10:33 --> Call to a member function findAll() on null
#0 /Users/pramudyasaputra/Sites/grafik/system/CodeIgniter.php(824): App\Controllers\BarangController->index()
#1 /Users/pramudyasaputra/Sites/grafik/system/CodeIgniter.php(410): CodeIgniter\CodeIgniter->runController(Object(App\Controllers\BarangController))
#2 /Users/pramudyasaputra/Sites/grafik/system/CodeIgniter.php(318): CodeIgniter\CodeIgniter->handleRequest(NULL, Object(Config\Cache), false)
#3 /Users/pramudyasaputra/Sites/grafik/public/index.php(37): CodeIgniter\CodeIgniter->run()
#4 /Users/pramudyasaputra/Sites/grafik/system/Commands/Server/rewrite.php(43): require_once('/Users/pramudya...')
#5 {main}
CRITICAL - 2021-11-19 09:11:16 --> Call to a member function findAll() on null
#0 /Users/pramudyasaputra/Sites/grafik/system/CodeIgniter.php(824): App\Controllers\BarangController->index()
#1 /Users/pramudyasaputra/Sites/grafik/system/CodeIgniter.php(410): CodeIgniter\CodeIgniter->runController(Object(App\Controllers\BarangController))
#2 /Users/pramudyasaputra/Sites/grafik/system/CodeIgniter.php(318): CodeIgniter\CodeIgniter->handleRequest(NULL, Object(Config\Cache), false)
#3 /Users/pramudyasaputra/Sites/grafik/public/index.php(37): CodeIgniter\CodeIgniter->run()
#4 /Users/pramudyasaputra/Sites/grafik/system/Commands/Server/rewrite.php(43): require_once('/Users/pramudya...')
#5 {main}
CRITICAL - 2021-11-19 09:11:16 --> Call to a member function findAll() on null
#0 /Users/pramudyasaputra/Sites/grafik/system/CodeIgniter.php(824): App\Controllers\BarangController->index()
#1 /Users/pramudyasaputra/Sites/grafik/system/CodeIgniter.php(410): CodeIgniter\CodeIgniter->runController(Object(App\Controllers\BarangController))
#2 /Users/pramudyasaputra/Sites/grafik/system/CodeIgniter.php(318): CodeIgniter\CodeIgniter->handleRequest(NULL, Object(Config\Cache), false)
#3 /Users/pramudyasaputra/Sites/grafik/public/index.php(37): CodeIgniter\CodeIgniter->run()
#4 /Users/pramudyasaputra/Sites/grafik/system/Commands/Server/rewrite.php(43): require_once('/Users/pramudya...')
#5 {main}
CRITICAL - 2021-11-19 09:11:17 --> Call to a member function findAll() on null
#0 /Users/pramudyasaputra/Sites/grafik/system/CodeIgniter.php(824): App\Controllers\BarangController->index()
#1 /Users/pramudyasaputra/Sites/grafik/system/CodeIgniter.php(410): CodeIgniter\CodeIgniter->runController(Object(App\Controllers\BarangController))
#2 /Users/pramudyasaputra/Sites/grafik/system/CodeIgniter.php(318): CodeIgniter\CodeIgniter->handleRequest(NULL, Object(Config\Cache), false)
#3 /Users/pramudyasaputra/Sites/grafik/public/index.php(37): CodeIgniter\CodeIgniter->run()
#4 /Users/pramudyasaputra/Sites/grafik/system/Commands/Server/rewrite.php(43): require_once('/Users/pramudya...')
#5 {main}
CRITICAL - 2021-11-19 09:11:41 --> Call to a member function findAll() on null
#0 /Users/pramudyasaputra/Sites/grafik/system/CodeIgniter.php(824): App\Controllers\BarangController->index()
#1 /Users/pramudyasaputra/Sites/grafik/system/CodeIgniter.php(410): CodeIgniter\CodeIgniter->runController(Object(App\Controllers\BarangController))
#2 /Users/pramudyasaputra/Sites/grafik/system/CodeIgniter.php(318): CodeIgniter\CodeIgniter->handleRequest(NULL, Object(Config\Cache), false)
#3 /Users/pramudyasaputra/Sites/grafik/public/index.php(37): CodeIgniter\CodeIgniter->run()
#4 /Users/pramudyasaputra/Sites/grafik/system/Commands/Server/rewrite.php(43): require_once('/Users/pramudya...')
#5 {main}
CRITICAL - 2021-11-19 09:11:41 --> Call to a member function findAll() on null
#0 /Users/pramudyasaputra/Sites/grafik/system/CodeIgniter.php(824): App\Controllers\BarangController->index()
#1 /Users/pramudyasaputra/Sites/grafik/system/CodeIgniter.php(410): CodeIgniter\CodeIgniter->runController(Object(App\Controllers\BarangController))
#2 /Users/pramudyasaputra/Sites/grafik/system/CodeIgniter.php(318): CodeIgniter\CodeIgniter->handleRequest(NULL, Object(Config\Cache), false)
#3 /Users/pramudyasaputra/Sites/grafik/public/index.php(37): CodeIgniter\CodeIgniter->run()
#4 /Users/pramudyasaputra/Sites/grafik/system/Commands/Server/rewrite.php(43): require_once('/Users/pramudya...')
#5 {main}
CRITICAL - 2021-11-19 09:11:42 --> Call to a member function findAll() on null
#0 /Users/pramudyasaputra/Sites/grafik/system/CodeIgniter.php(824): App\Controllers\BarangController->index()
#1 /Users/pramudyasaputra/Sites/grafik/system/CodeIgniter.php(410): CodeIgniter\CodeIgniter->runController(Object(App\Controllers\BarangController))
#2 /Users/pramudyasaputra/Sites/grafik/system/CodeIgniter.php(318): CodeIgniter\CodeIgniter->handleRequest(NULL, Object(Config\Cache), false)
#3 /Users/pramudyasaputra/Sites/grafik/public/index.php(37): CodeIgniter\CodeIgniter->run()
#4 /Users/pramudyasaputra/Sites/grafik/system/Commands/Server/rewrite.php(43): require_once('/Users/pramudya...')
#5 {main}
CRITICAL - 2021-11-19 09:11:42 --> Call to a member function findAll() on null
#0 /Users/pramudyasaputra/Sites/grafik/system/CodeIgniter.php(824): App\Controllers\BarangController->index()
#1 /Users/pramudyasaputra/Sites/grafik/system/CodeIgniter.php(410): CodeIgniter\CodeIgniter->runController(Object(App\Controllers\BarangController))
#2 /Users/pramudyasaputra/Sites/grafik/system/CodeIgniter.php(318): CodeIgniter\CodeIgniter->handleRequest(NULL, Object(Config\Cache), false)
#3 /Users/pramudyasaputra/Sites/grafik/public/index.php(37): CodeIgniter\CodeIgniter->run()
#4 /Users/pramudyasaputra/Sites/grafik/system/Commands/Server/rewrite.php(43): require_once('/Users/pramudya...')
#5 {main}
CRITICAL - 2021-11-19 09:11:42 --> Call to a member function findAll() on null
#0 /Users/pramudyasaputra/Sites/grafik/system/CodeIgniter.php(824): App\Controllers\BarangController->index()
#1 /Users/pramudyasaputra/Sites/grafik/system/CodeIgniter.php(410): CodeIgniter\CodeIgniter->runController(Object(App\Controllers\BarangController))
#2 /Users/pramudyasaputra/Sites/grafik/system/CodeIgniter.php(318): CodeIgniter\CodeIgniter->handleRequest(NULL, Object(Config\Cache), false)
#3 /Users/pramudyasaputra/Sites/grafik/public/index.php(37): CodeIgniter\CodeIgniter->run()
#4 /Users/pramudyasaputra/Sites/grafik/system/Commands/Server/rewrite.php(43): require_once('/Users/pramudya...')
#5 {main}
CRITICAL - 2021-11-19 09:11:42 --> Call to a member function findAll() on null
#0 /Users/pramudyasaputra/Sites/grafik/system/CodeIgniter.php(824): App\Controllers\BarangController->index()
#1 /Users/pramudyasaputra/Sites/grafik/system/CodeIgniter.php(410): CodeIgniter\CodeIgniter->runController(Object(App\Controllers\BarangController))
#2 /Users/pramudyasaputra/Sites/grafik/system/CodeIgniter.php(318): CodeIgniter\CodeIgniter->handleRequest(NULL, Object(Config\Cache), false)
#3 /Users/pramudyasaputra/Sites/grafik/public/index.php(37): CodeIgniter\CodeIgniter->run()
#4 /Users/pramudyasaputra/Sites/grafik/system/Commands/Server/rewrite.php(43): require_once('/Users/pramudya...')
#5 {main}
CRITICAL - 2021-11-19 09:12:28 --> universitas is not a valid database connection group.
#0 /Users/pramudyasaputra/Sites/grafik/system/Common.php(312): CodeIgniter\Database\Config::connect('universitas', true)
#1 /Users/pramudyasaputra/Sites/grafik/app/Controllers/BarangController.php(11): db_connect('universitas')
#2 /Users/pramudyasaputra/Sites/grafik/system/CodeIgniter.php(824): App\Controllers\BarangController->index()
#3 /Users/pramudyasaputra/Sites/grafik/system/CodeIgniter.php(410): CodeIgniter\CodeIgniter->runController(Object(App\Controllers\BarangController))
#4 /Users/pramudyasaputra/Sites/grafik/system/CodeIgniter.php(318): CodeIgniter\CodeIgniter->handleRequest(NULL, Object(Config\Cache), false)
#5 /Users/pramudyasaputra/Sites/grafik/public/index.php(37): CodeIgniter\CodeIgniter->run()
#6 /Users/pramudyasaputra/Sites/grafik/system/Commands/Server/rewrite.php(43): require_once('/Users/pramudya...')
#7 {main}
CRITICAL - 2021-11-19 09:13:52 --> universitas is not a valid database connection group.
#0 /Users/pramudyasaputra/Sites/grafik/system/Model.php(97): CodeIgniter\Database\Config::connect('universitas')
#1 /Users/pramudyasaputra/Sites/grafik/app/Controllers/BarangController.php(11): CodeIgniter\Model->__construct()
#2 /Users/pramudyasaputra/Sites/grafik/system/CodeIgniter.php(824): App\Controllers\BarangController->index()
#3 /Users/pramudyasaputra/Sites/grafik/system/CodeIgniter.php(410): CodeIgniter\CodeIgniter->runController(Object(App\Controllers\BarangController))
#4 /Users/pramudyasaputra/Sites/grafik/system/CodeIgniter.php(318): CodeIgniter\CodeIgniter->handleRequest(NULL, Object(Config\Cache), false)
#5 /Users/pramudyasaputra/Sites/grafik/public/index.php(37): CodeIgniter\CodeIgniter->run()
#6 /Users/pramudyasaputra/Sites/grafik/system/Commands/Server/rewrite.php(43): require_once('/Users/pramudya...')
#7 {main}
CRITICAL - 2021-11-19 09:13:59 --> universitas is not a valid database connection group.
#0 /Users/pramudyasaputra/Sites/grafik/system/Model.php(97): CodeIgniter\Database\Config::connect('universitas')
#1 /Users/pramudyasaputra/Sites/grafik/app/Controllers/BarangController.php(11): CodeIgniter\Model->__construct()
#2 /Users/pramudyasaputra/Sites/grafik/system/CodeIgniter.php(824): App\Controllers\BarangController->index()
#3 /Users/pramudyasaputra/Sites/grafik/system/CodeIgniter.php(410): CodeIgniter\CodeIgniter->runController(Object(App\Controllers\BarangController))
#4 /Users/pramudyasaputra/Sites/grafik/system/CodeIgniter.php(318): CodeIgniter\CodeIgniter->handleRequest(NULL, Object(Config\Cache), false)
#5 /Users/pramudyasaputra/Sites/grafik/public/index.php(37): CodeIgniter\CodeIgniter->run()
#6 /Users/pramudyasaputra/Sites/grafik/system/Commands/Server/rewrite.php(43): require_once('/Users/pramudya...')
#7 {main}
CRITICAL - 2021-11-19 09:14:04 --> universitas is not a valid database connection group.
#0 /Users/pramudyasaputra/Sites/grafik/system/Model.php(97): CodeIgniter\Database\Config::connect('universitas')
#1 /Users/pramudyasaputra/Sites/grafik/app/Controllers/BarangController.php(11): CodeIgniter\Model->__construct()
#2 /Users/pramudyasaputra/Sites/grafik/system/CodeIgniter.php(824): App\Controllers\BarangController->index()
#3 /Users/pramudyasaputra/Sites/grafik/system/CodeIgniter.php(410): CodeIgniter\CodeIgniter->runController(Object(App\Controllers\BarangController))
#4 /Users/pramudyasaputra/Sites/grafik/system/CodeIgniter.php(318): CodeIgniter\CodeIgniter->handleRequest(NULL, Object(Config\Cache), false)
#5 /Users/pramudyasaputra/Sites/grafik/public/index.php(37): CodeIgniter\CodeIgniter->run()
#6 /Users/pramudyasaputra/Sites/grafik/system/Commands/Server/rewrite.php(43): require_once('/Users/pramudya...')
#7 {main}
CRITICAL - 2021-11-19 09:16:23 --> universitas is not a valid database connection group.
#0 /Users/pramudyasaputra/Sites/grafik/system/Model.php(97): CodeIgniter\Database\Config::connect('universitas')
#1 /Users/pramudyasaputra/Sites/grafik/app/Controllers/BarangController.php(12): CodeIgniter\Model->__construct()
#2 /Users/pramudyasaputra/Sites/grafik/system/CodeIgniter.php(824): App\Controllers\BarangController->index()
#3 /Users/pramudyasaputra/Sites/grafik/system/CodeIgniter.php(410): CodeIgniter\CodeIgniter->runController(Object(App\Controllers\BarangController))
#4 /Users/pramudyasaputra/Sites/grafik/system/CodeIgniter.php(318): CodeIgniter\CodeIgniter->handleRequest(NULL, Object(Config\Cache), false)
#5 /Users/pramudyasaputra/Sites/grafik/public/index.php(37): CodeIgniter\CodeIgniter->run()
#6 /Users/pramudyasaputra/Sites/grafik/system/Commands/Server/rewrite.php(43): require_once('/Users/pramudya...')
#7 {main}
CRITICAL - 2021-11-19 09:16:29 --> universitas is not a valid database connection group.
#0 /Users/pramudyasaputra/Sites/grafik/system/Model.php(97): CodeIgniter\Database\Config::connect('universitas')
#1 /Users/pramudyasaputra/Sites/grafik/app/Controllers/BarangController.php(12): CodeIgniter\Model->__construct()
#2 /Users/pramudyasaputra/Sites/grafik/system/CodeIgniter.php(824): App\Controllers\BarangController->index()
#3 /Users/pramudyasaputra/Sites/grafik/system/CodeIgniter.php(410): CodeIgniter\CodeIgniter->runController(Object(App\Controllers\BarangController))
#4 /Users/pramudyasaputra/Sites/grafik/system/CodeIgniter.php(318): CodeIgniter\CodeIgniter->handleRequest(NULL, Object(Config\Cache), false)
#5 /Users/pramudyasaputra/Sites/grafik/public/index.php(37): CodeIgniter\CodeIgniter->run()
#6 /Users/pramudyasaputra/Sites/grafik/system/Commands/Server/rewrite.php(43): require_once('/Users/pramudya...')
#7 {main}
CRITICAL - 2021-11-19 09:16:39 --> universitas is not a valid database connection group.
#0 /Users/pramudyasaputra/Sites/grafik/system/Model.php(97): CodeIgniter\Database\Config::connect('universitas')
#1 /Users/pramudyasaputra/Sites/grafik/app/Controllers/BarangController.php(12): CodeIgniter\Model->__construct()
#2 /Users/pramudyasaputra/Sites/grafik/system/CodeIgniter.php(824): App\Controllers\BarangController->index()
#3 /Users/pramudyasaputra/Sites/grafik/system/CodeIgniter.php(410): CodeIgniter\CodeIgniter->runController(Object(App\Controllers\BarangController))
#4 /Users/pramudyasaputra/Sites/grafik/system/CodeIgniter.php(318): CodeIgniter\CodeIgniter->handleRequest(NULL, Object(Config\Cache), false)
#5 /Users/pramudyasaputra/Sites/grafik/public/index.php(37): CodeIgniter\CodeIgniter->run()
#6 /Users/pramudyasaputra/Sites/grafik/system/Commands/Server/rewrite.php(43): require_once('/Users/pramudya...')
#7 {main}
CRITICAL - 2021-11-19 09:16:40 --> universitas is not a valid database connection group.
#0 /Users/pramudyasaputra/Sites/grafik/system/Model.php(97): CodeIgniter\Database\Config::connect('universitas')
#1 /Users/pramudyasaputra/Sites/grafik/app/Controllers/BarangController.php(12): CodeIgniter\Model->__construct()
#2 /Users/pramudyasaputra/Sites/grafik/system/CodeIgniter.php(824): App\Controllers\BarangController->index()
#3 /Users/pramudyasaputra/Sites/grafik/system/CodeIgniter.php(410): CodeIgniter\CodeIgniter->runController(Object(App\Controllers\BarangController))
#4 /Users/pramudyasaputra/Sites/grafik/system/CodeIgniter.php(318): CodeIgniter\CodeIgniter->handleRequest(NULL, Object(Config\Cache), false)
#5 /Users/pramudyasaputra/Sites/grafik/public/index.php(37): CodeIgniter\CodeIgniter->run()
#6 /Users/pramudyasaputra/Sites/grafik/system/Commands/Server/rewrite.php(43): require_once('/Users/pramudya...')
#7 {main}
CRITICAL - 2021-11-19 09:16:40 --> universitas is not a valid database connection group.
#0 /Users/pramudyasaputra/Sites/grafik/system/Model.php(97): CodeIgniter\Database\Config::connect('universitas')
#1 /Users/pramudyasaputra/Sites/grafik/app/Controllers/BarangController.php(12): CodeIgniter\Model->__construct()
#2 /Users/pramudyasaputra/Sites/grafik/system/CodeIgniter.php(824): App\Controllers\BarangController->index()
#3 /Users/pramudyasaputra/Sites/grafik/system/CodeIgniter.php(410): CodeIgniter\CodeIgniter->runController(Object(App\Controllers\BarangController))
#4 /Users/pramudyasaputra/Sites/grafik/system/CodeIgniter.php(318): CodeIgniter\CodeIgniter->handleRequest(NULL, Object(Config\Cache), false)
#5 /Users/pramudyasaputra/Sites/grafik/public/index.php(37): CodeIgniter\CodeIgniter->run()
#6 /Users/pramudyasaputra/Sites/grafik/system/Commands/Server/rewrite.php(43): require_once('/Users/pramudya...')
#7 {main}
CRITICAL - 2021-11-19 09:16:40 --> universitas is not a valid database connection group.
#0 /Users/pramudyasaputra/Sites/grafik/system/Model.php(97): CodeIgniter\Database\Config::connect('universitas')
#1 /Users/pramudyasaputra/Sites/grafik/app/Controllers/BarangController.php(12): CodeIgniter\Model->__construct()
#2 /Users/pramudyasaputra/Sites/grafik/system/CodeIgniter.php(824): App\Controllers\BarangController->index()
#3 /Users/pramudyasaputra/Sites/grafik/system/CodeIgniter.php(410): CodeIgniter\CodeIgniter->runController(Object(App\Controllers\BarangController))
#4 /Users/pramudyasaputra/Sites/grafik/system/CodeIgniter.php(318): CodeIgniter\CodeIgniter->handleRequest(NULL, Object(Config\Cache), false)
#5 /Users/pramudyasaputra/Sites/grafik/public/index.php(37): CodeIgniter\CodeIgniter->run()
#6 /Users/pramudyasaputra/Sites/grafik/system/Commands/Server/rewrite.php(43): require_once('/Users/pramudya...')
#7 {main}
CRITICAL - 2021-11-19 09:16:40 --> universitas is not a valid database connection group.
#0 /Users/pramudyasaputra/Sites/grafik/system/Model.php(97): CodeIgniter\Database\Config::connect('universitas')
#1 /Users/pramudyasaputra/Sites/grafik/app/Controllers/BarangController.php(12): CodeIgniter\Model->__construct()
#2 /Users/pramudyasaputra/Sites/grafik/system/CodeIgniter.php(824): App\Controllers\BarangController->index()
#3 /Users/pramudyasaputra/Sites/grafik/system/CodeIgniter.php(410): CodeIgniter\CodeIgniter->runController(Object(App\Controllers\BarangController))
#4 /Users/pramudyasaputra/Sites/grafik/system/CodeIgniter.php(318): CodeIgniter\CodeIgniter->handleRequest(NULL, Object(Config\Cache), false)
#5 /Users/pramudyasaputra/Sites/grafik/public/index.php(37): CodeIgniter\CodeIgniter->run()
#6 /Users/pramudyasaputra/Sites/grafik/system/Commands/Server/rewrite.php(43): require_once('/Users/pramudya...')
#7 {main}
CRITICAL - 2021-11-19 09:16:50 --> universitas is not a valid database connection group.
#0 /Users/pramudyasaputra/Sites/grafik/system/Model.php(97): CodeIgniter\Database\Config::connect('universitas')
#1 /Users/pramudyasaputra/Sites/grafik/app/Controllers/BarangController.php(12): CodeIgniter\Model->__construct()
#2 /Users/pramudyasaputra/Sites/grafik/system/CodeIgniter.php(824): App\Controllers\BarangController->index()
#3 /Users/pramudyasaputra/Sites/grafik/system/CodeIgniter.php(410): CodeIgniter\CodeIgniter->runController(Object(App\Controllers\BarangController))
#4 /Users/pramudyasaputra/Sites/grafik/system/CodeIgniter.php(318): CodeIgniter\CodeIgniter->handleRequest(NULL, Object(Config\Cache), false)
#5 /Users/pramudyasaputra/Sites/grafik/public/index.php(37): CodeIgniter\CodeIgniter->run()
#6 /Users/pramudyasaputra/Sites/grafik/system/Commands/Server/rewrite.php(43): require_once('/Users/pramudya...')
#7 {main}
ERROR - 2021-11-19 09:17:31 --> Table 'universitas.barangs' doesn't exist
CRITICAL - 2021-11-19 09:17:31 --> Call to a member function getResult() on bool
#0 /Users/pramudyasaputra/Sites/grafik/system/BaseModel.php(584): CodeIgniter\Model->doFindAll(0, 0)
#1 /Users/pramudyasaputra/Sites/grafik/app/Controllers/BarangController.php(15): CodeIgniter\BaseModel->findAll()
#2 /Users/pramudyasaputra/Sites/grafik/system/CodeIgniter.php(824): App\Controllers\BarangController->index()
#3 /Users/pramudyasaputra/Sites/grafik/system/CodeIgniter.php(410): CodeIgniter\CodeIgniter->runController(Object(App\Controllers\BarangController))
#4 /Users/pramudyasaputra/Sites/grafik/system/CodeIgniter.php(318): CodeIgniter\CodeIgniter->handleRequest(NULL, Object(Config\Cache), false)
#5 /Users/pramudyasaputra/Sites/grafik/public/index.php(37): CodeIgniter\CodeIgniter->run()
#6 /Users/pramudyasaputra/Sites/grafik/system/Commands/Server/rewrite.php(43): require_once('/Users/pramudya...')
#7 {main}
ERROR - 2021-11-19 09:17:32 --> Table 'universitas.barangs' doesn't exist
CRITICAL - 2021-11-19 09:17:32 --> Call to a member function getResult() on bool
#0 /Users/pramudyasaputra/Sites/grafik/system/BaseModel.php(584): CodeIgniter\Model->doFindAll(0, 0)
#1 /Users/pramudyasaputra/Sites/grafik/app/Controllers/BarangController.php(15): CodeIgniter\BaseModel->findAll()
#2 /Users/pramudyasaputra/Sites/grafik/system/CodeIgniter.php(824): App\Controllers\BarangController->index()
#3 /Users/pramudyasaputra/Sites/grafik/system/CodeIgniter.php(410): CodeIgniter\CodeIgniter->runController(Object(App\Controllers\BarangController))
#4 /Users/pramudyasaputra/Sites/grafik/system/CodeIgniter.php(318): CodeIgniter\CodeIgniter->handleRequest(NULL, Object(Config\Cache), false)
#5 /Users/pramudyasaputra/Sites/grafik/public/index.php(37): CodeIgniter\CodeIgniter->run()
#6 /Users/pramudyasaputra/Sites/grafik/system/Commands/Server/rewrite.php(43): require_once('/Users/pramudya...')
#7 {main}
ERROR - 2021-11-19 09:17:33 --> Table 'universitas.barangs' doesn't exist
CRITICAL - 2021-11-19 09:17:33 --> Call to a member function getResult() on bool
#0 /Users/pramudyasaputra/Sites/grafik/system/BaseModel.php(584): CodeIgniter\Model->doFindAll(0, 0)
#1 /Users/pramudyasaputra/Sites/grafik/app/Controllers/BarangController.php(15): CodeIgniter\BaseModel->findAll()
#2 /Users/pramudyasaputra/Sites/grafik/system/CodeIgniter.php(824): App\Controllers\BarangController->index()
#3 /Users/pramudyasaputra/Sites/grafik/system/CodeIgniter.php(410): CodeIgniter\CodeIgniter->runController(Object(App\Controllers\BarangController))
#4 /Users/pramudyasaputra/Sites/grafik/system/CodeIgniter.php(318): CodeIgniter\CodeIgniter->handleRequest(NULL, Object(Config\Cache), false)
#5 /Users/pramudyasaputra/Sites/grafik/public/index.php(37): CodeIgniter\CodeIgniter->run()
#6 /Users/pramudyasaputra/Sites/grafik/system/Commands/Server/rewrite.php(43): require_once('/Users/pramudya...')
#7 {main}
ERROR - 2021-11-19 09:17:33 --> Table 'universitas.barangs' doesn't exist
CRITICAL - 2021-11-19 09:17:33 --> Call to a member function getResult() on bool
#0 /Users/pramudyasaputra/Sites/grafik/system/BaseModel.php(584): CodeIgniter\Model->doFindAll(0, 0)
#1 /Users/pramudyasaputra/Sites/grafik/app/Controllers/BarangController.php(15): CodeIgniter\BaseModel->findAll()
#2 /Users/pramudyasaputra/Sites/grafik/system/CodeIgniter.php(824): App\Controllers\BarangController->index()
#3 /Users/pramudyasaputra/Sites/grafik/system/CodeIgniter.php(410): CodeIgniter\CodeIgniter->runController(Object(App\Controllers\BarangController))
#4 /Users/pramudyasaputra/Sites/grafik/system/CodeIgniter.php(318): CodeIgniter\CodeIgniter->handleRequest(NULL, Object(Config\Cache), false)
#5 /Users/pramudyasaputra/Sites/grafik/public/index.php(37): CodeIgniter\CodeIgniter->run()
#6 /Users/pramudyasaputra/Sites/grafik/system/Commands/Server/rewrite.php(43): require_once('/Users/pramudya...')
#7 {main}
ERROR - 2021-11-19 09:17:33 --> Table 'universitas.barangs' doesn't exist
CRITICAL - 2021-11-19 09:17:33 --> Call to a member function getResult() on bool
#0 /Users/pramudyasaputra/Sites/grafik/system/BaseModel.php(584): CodeIgniter\Model->doFindAll(0, 0)
#1 /Users/pramudyasaputra/Sites/grafik/app/Controllers/BarangController.php(15): CodeIgniter\BaseModel->findAll()
#2 /Users/pramudyasaputra/Sites/grafik/system/CodeIgniter.php(824): App\Controllers\BarangController->index()
#3 /Users/pramudyasaputra/Sites/grafik/system/CodeIgniter.php(410): CodeIgniter\CodeIgniter->runController(Object(App\Controllers\BarangController))
#4 /Users/pramudyasaputra/Sites/grafik/system/CodeIgniter.php(318): CodeIgniter\CodeIgniter->handleRequest(NULL, Object(Config\Cache), false)
#5 /Users/pramudyasaputra/Sites/grafik/public/index.php(37): CodeIgniter\CodeIgniter->run()
#6 /Users/pramudyasaputra/Sites/grafik/system/Commands/Server/rewrite.php(43): require_once('/Users/pramudya...')
#7 {main}
ERROR - 2021-11-19 09:17:33 --> Table 'universitas.barangs' doesn't exist
CRITICAL - 2021-11-19 09:17:33 --> Call to a member function getResult() on bool
#0 /Users/pramudyasaputra/Sites/grafik/system/BaseModel.php(584): CodeIgniter\Model->doFindAll(0, 0)
#1 /Users/pramudyasaputra/Sites/grafik/app/Controllers/BarangController.php(15): CodeIgniter\BaseModel->findAll()
#2 /Users/pramudyasaputra/Sites/grafik/system/CodeIgniter.php(824): App\Controllers\BarangController->index()
#3 /Users/pramudyasaputra/Sites/grafik/system/CodeIgniter.php(410): CodeIgniter\CodeIgniter->runController(Object(App\Controllers\BarangController))
#4 /Users/pramudyasaputra/Sites/grafik/system/CodeIgniter.php(318): CodeIgniter\CodeIgniter->handleRequest(NULL, Object(Config\Cache), false)
#5 /Users/pramudyasaputra/Sites/grafik/public/index.php(37): CodeIgniter\CodeIgniter->run()
#6 /Users/pramudyasaputra/Sites/grafik/system/Commands/Server/rewrite.php(43): require_once('/Users/pramudya...')
#7 {main}
ERROR - 2021-11-19 09:18:14 --> Table 'universitas.barangs' doesn't exist
CRITICAL - 2021-11-19 09:18:14 --> Call to a member function getResult() on bool
#0 /Users/pramudyasaputra/Sites/grafik/system/BaseModel.php(584): CodeIgniter\Model->doFindAll(0, 0)
#1 /Users/pramudyasaputra/Sites/grafik/app/Controllers/BarangController.php(13): CodeIgniter\BaseModel->findAll()
#2 /Users/pramudyasaputra/Sites/grafik/system/CodeIgniter.php(824): App\Controllers\BarangController->index()
#3 /Users/pramudyasaputra/Sites/grafik/system/CodeIgniter.php(410): CodeIgniter\CodeIgniter->runController(Object(App\Controllers\BarangController))
#4 /Users/pramudyasaputra/Sites/grafik/system/CodeIgniter.php(318): CodeIgniter\CodeIgniter->handleRequest(NULL, Object(Config\Cache), false)
#5 /Users/pramudyasaputra/Sites/grafik/public/index.php(37): CodeIgniter\CodeIgniter->run()
#6 /Users/pramudyasaputra/Sites/grafik/system/Commands/Server/rewrite.php(43): require_once('/Users/pramudya...')
#7 {main}
ERROR - 2021-11-19 09:18:15 --> Table 'universitas.barangs' doesn't exist
CRITICAL - 2021-11-19 09:18:15 --> Call to a member function getResult() on bool
#0 /Users/pramudyasaputra/Sites/grafik/system/BaseModel.php(584): CodeIgniter\Model->doFindAll(0, 0)
#1 /Users/pramudyasaputra/Sites/grafik/app/Controllers/BarangController.php(13): CodeIgniter\BaseModel->findAll()
#2 /Users/pramudyasaputra/Sites/grafik/system/CodeIgniter.php(824): App\Controllers\BarangController->index()
#3 /Users/pramudyasaputra/Sites/grafik/system/CodeIgniter.php(410): CodeIgniter\CodeIgniter->runController(Object(App\Controllers\BarangController))
#4 /Users/pramudyasaputra/Sites/grafik/system/CodeIgniter.php(318): CodeIgniter\CodeIgniter->handleRequest(NULL, Object(Config\Cache), false)
#5 /Users/pramudyasaputra/Sites/grafik/public/index.php(37): CodeIgniter\CodeIgniter->run()
#6 /Users/pramudyasaputra/Sites/grafik/system/Commands/Server/rewrite.php(43): require_once('/Users/pramudya...')
#7 {main}
ERROR - 2021-11-19 09:18:15 --> Table 'universitas.barangs' doesn't exist
CRITICAL - 2021-11-19 09:18:15 --> Call to a member function getResult() on bool
#0 /Users/pramudyasaputra/Sites/grafik/system/BaseModel.php(584): CodeIgniter\Model->doFindAll(0, 0)
#1 /Users/pramudyasaputra/Sites/grafik/app/Controllers/BarangController.php(13): CodeIgniter\BaseModel->findAll()
#2 /Users/pramudyasaputra/Sites/grafik/system/CodeIgniter.php(824): App\Controllers\BarangController->index()
#3 /Users/pramudyasaputra/Sites/grafik/system/CodeIgniter.php(410): CodeIgniter\CodeIgniter->runController(Object(App\Controllers\BarangController))
#4 /Users/pramudyasaputra/Sites/grafik/system/CodeIgniter.php(318): CodeIgniter\CodeIgniter->handleRequest(NULL, Object(Config\Cache), false)
#5 /Users/pramudyasaputra/Sites/grafik/public/index.php(37): CodeIgniter\CodeIgniter->run()
#6 /Users/pramudyasaputra/Sites/grafik/system/Commands/Server/rewrite.php(43): require_once('/Users/pramudya...')
#7 {main}
ERROR - 2021-11-19 09:18:15 --> Table 'universitas.barangs' doesn't exist
CRITICAL - 2021-11-19 09:18:15 --> Call to a member function getResult() on bool
#0 /Users/pramudyasaputra/Sites/grafik/system/BaseModel.php(584): CodeIgniter\Model->doFindAll(0, 0)
#1 /Users/pramudyasaputra/Sites/grafik/app/Controllers/BarangController.php(13): CodeIgniter\BaseModel->findAll()
#2 /Users/pramudyasaputra/Sites/grafik/system/CodeIgniter.php(824): App\Controllers\BarangController->index()
#3 /Users/pramudyasaputra/Sites/grafik/system/CodeIgniter.php(410): CodeIgniter\CodeIgniter->runController(Object(App\Controllers\BarangController))
#4 /Users/pramudyasaputra/Sites/grafik/system/CodeIgniter.php(318): CodeIgniter\CodeIgniter->handleRequest(NULL, Object(Config\Cache), false)
#5 /Users/pramudyasaputra/Sites/grafik/public/index.php(37): CodeIgniter\CodeIgniter->run()
#6 /Users/pramudyasaputra/Sites/grafik/system/Commands/Server/rewrite.php(43): require_once('/Users/pramudya...')
#7 {main}
CRITICAL - 2021-11-19 09:18:37 --> Array to string conversion
#0 /Users/pramudyasaputra/Sites/grafik/app/Controllers/BarangController.php(13): CodeIgniter\Debug\Exceptions->errorHandler(2, 'Array to string...', '/Users/pramudya...', 13)
#1 /Users/pramudyasaputra/Sites/grafik/system/CodeIgniter.php(824): App\Controllers\BarangController->index()
#2 /Users/pramudyasaputra/Sites/grafik/system/CodeIgniter.php(410): CodeIgniter\CodeIgniter->runController(Object(App\Controllers\BarangController))
#3 /Users/pramudyasaputra/Sites/grafik/system/CodeIgniter.php(318): CodeIgniter\CodeIgniter->handleRequest(NULL, Object(Config\Cache), false)
#4 /Users/pramudyasaputra/Sites/grafik/public/index.php(37): CodeIgniter\CodeIgniter->run()
#5 /Users/pramudyasaputra/Sites/grafik/system/Commands/Server/rewrite.php(43): require_once('/Users/pramudya...')
#6 {main}
CRITICAL - 2021-11-19 09:18:38 --> Array to string conversion
#0 /Users/pramudyasaputra/Sites/grafik/app/Controllers/BarangController.php(13): CodeIgniter\Debug\Exceptions->errorHandler(2, 'Array to string...', '/Users/pramudya...', 13)
#1 /Users/pramudyasaputra/Sites/grafik/system/CodeIgniter.php(824): App\Controllers\BarangController->index()
#2 /Users/pramudyasaputra/Sites/grafik/system/CodeIgniter.php(410): CodeIgniter\CodeIgniter->runController(Object(App\Controllers\BarangController))
#3 /Users/pramudyasaputra/Sites/grafik/system/CodeIgniter.php(318): CodeIgniter\CodeIgniter->handleRequest(NULL, Object(Config\Cache), false)
#4 /Users/pramudyasaputra/Sites/grafik/public/index.php(37): CodeIgniter\CodeIgniter->run()
#5 /Users/pramudyasaputra/Sites/grafik/system/Commands/Server/rewrite.php(43): require_once('/Users/pramudya...')
#6 {main}
CRITICAL - 2021-11-19 09:18:38 --> Array to string conversion
#0 /Users/pramudyasaputra/Sites/grafik/app/Controllers/BarangController.php(13): CodeIgniter\Debug\Exceptions->errorHandler(2, 'Array to string...', '/Users/pramudya...', 13)
#1 /Users/pramudyasaputra/Sites/grafik/system/CodeIgniter.php(824): App\Controllers\BarangController->index()
#2 /Users/pramudyasaputra/Sites/grafik/system/CodeIgniter.php(410): CodeIgniter\CodeIgniter->runController(Object(App\Controllers\BarangController))
#3 /Users/pramudyasaputra/Sites/grafik/system/CodeIgniter.php(318): CodeIgniter\CodeIgniter->handleRequest(NULL, Object(Config\Cache), false)
#4 /Users/pramudyasaputra/Sites/grafik/public/index.php(37): CodeIgniter\CodeIgniter->run()
#5 /Users/pramudyasaputra/Sites/grafik/system/Commands/Server/rewrite.php(43): require_once('/Users/pramudya...')
#6 {main}
CRITICAL - 2021-11-19 09:18:39 --> Array to string conversion
#0 /Users/pramudyasaputra/Sites/grafik/app/Controllers/BarangController.php(13): CodeIgniter\Debug\Exceptions->errorHandler(2, 'Array to string...', '/Users/pramudya...', 13)
#1 /Users/pramudyasaputra/Sites/grafik/system/CodeIgniter.php(824): App\Controllers\BarangController->index()
#2 /Users/pramudyasaputra/Sites/grafik/system/CodeIgniter.php(410): CodeIgniter\CodeIgniter->runController(Object(App\Controllers\BarangController))
#3 /Users/pramudyasaputra/Sites/grafik/system/CodeIgniter.php(318): CodeIgniter\CodeIgniter->handleRequest(NULL, Object(Config\Cache), false)
#4 /Users/pramudyasaputra/Sites/grafik/public/index.php(37): CodeIgniter\CodeIgniter->run()
#5 /Users/pramudyasaputra/Sites/grafik/system/Commands/Server/rewrite.php(43): require_once('/Users/pramudya...')
#6 {main}
CRITICAL - 2021-11-19 09:18:56 --> universitas is not a valid database connection group.
#0 /Users/pramudyasaputra/Sites/grafik/system/Model.php(97): CodeIgniter\Database\Config::connect('universitas')
#1 /Users/pramudyasaputra/Sites/grafik/app/Controllers/BarangController.php(12): CodeIgniter\Model->__construct()
#2 /Users/pramudyasaputra/Sites/grafik/system/CodeIgniter.php(824): App\Controllers\BarangController->index()
#3 /Users/pramudyasaputra/Sites/grafik/system/CodeIgniter.php(410): CodeIgniter\CodeIgniter->runController(Object(App\Controllers\BarangController))
#4 /Users/pramudyasaputra/Sites/grafik/system/CodeIgniter.php(318): CodeIgniter\CodeIgniter->handleRequest(NULL, Object(Config\Cache), false)
#5 /Users/pramudyasaputra/Sites/grafik/public/index.php(37): CodeIgniter\CodeIgniter->run()
#6 /Users/pramudyasaputra/Sites/grafik/system/Commands/Server/rewrite.php(43): require_once('/Users/pramudya...')
#7 {main}
CRITICAL - 2021-11-19 09:18:56 --> universitas is not a valid database connection group.
#0 /Users/pramudyasaputra/Sites/grafik/system/Model.php(97): CodeIgniter\Database\Config::connect('universitas')
#1 /Users/pramudyasaputra/Sites/grafik/app/Controllers/BarangController.php(12): CodeIgniter\Model->__construct()
#2 /Users/pramudyasaputra/Sites/grafik/system/CodeIgniter.php(824): App\Controllers\BarangController->index()
#3 /Users/pramudyasaputra/Sites/grafik/system/CodeIgniter.php(410): CodeIgniter\CodeIgniter->runController(Object(App\Controllers\BarangController))
#4 /Users/pramudyasaputra/Sites/grafik/system/CodeIgniter.php(318): CodeIgniter\CodeIgniter->handleRequest(NULL, Object(Config\Cache), false)
#5 /Users/pramudyasaputra/Sites/grafik/public/index.php(37): CodeIgniter\CodeIgniter->run()
#6 /Users/pramudyasaputra/Sites/grafik/system/Commands/Server/rewrite.php(43): require_once('/Users/pramudya...')
#7 {main}
CRITICAL - 2021-11-19 09:18:59 --> universitas is not a valid database connection group.
#0 /Users/pramudyasaputra/Sites/grafik/system/Model.php(97): CodeIgniter\Database\Config::connect('universitas')
#1 /Users/pramudyasaputra/Sites/grafik/app/Controllers/BarangController.php(12): CodeIgniter\Model->__construct()
#2 /Users/pramudyasaputra/Sites/grafik/system/CodeIgniter.php(824): App\Controllers\BarangController->index()
#3 /Users/pramudyasaputra/Sites/grafik/system/CodeIgniter.php(410): CodeIgniter\CodeIgniter->runController(Object(App\Controllers\BarangController))
#4 /Users/pramudyasaputra/Sites/grafik/system/CodeIgniter.php(318): CodeIgniter\CodeIgniter->handleRequest(NULL, Object(Config\Cache), false)
#5 /Users/pramudyasaputra/Sites/grafik/public/index.php(37): CodeIgniter\CodeIgniter->run()
#6 /Users/pramudyasaputra/Sites/grafik/system/Commands/Server/rewrite.php(43): require_once('/Users/pramudya...')
#7 {main}
CRITICAL - 2021-11-19 09:19:00 --> universitas is not a valid database connection group.
#0 /Users/pramudyasaputra/Sites/grafik/system/Model.php(97): CodeIgniter\Database\Config::connect('universitas')
#1 /Users/pramudyasaputra/Sites/grafik/app/Controllers/BarangController.php(12): CodeIgniter\Model->__construct()
#2 /Users/pramudyasaputra/Sites/grafik/system/CodeIgniter.php(824): App\Controllers\BarangController->index()
#3 /Users/pramudyasaputra/Sites/grafik/system/CodeIgniter.php(410): CodeIgniter\CodeIgniter->runController(Object(App\Controllers\BarangController))
#4 /Users/pramudyasaputra/Sites/grafik/system/CodeIgniter.php(318): CodeIgniter\CodeIgniter->handleRequest(NULL, Object(Config\Cache), false)
#5 /Users/pramudyasaputra/Sites/grafik/public/index.php(37): CodeIgniter\CodeIgniter->run()
#6 /Users/pramudyasaputra/Sites/grafik/system/Commands/Server/rewrite.php(43): require_once('/Users/pramudya...')
#7 {main}
CRITICAL - 2021-11-19 09:19:00 --> universitas is not a valid database connection group.
#0 /Users/pramudyasaputra/Sites/grafik/system/Model.php(97): CodeIgniter\Database\Config::connect('universitas')
#1 /Users/pramudyasaputra/Sites/grafik/app/Controllers/BarangController.php(12): CodeIgniter\Model->__construct()
#2 /Users/pramudyasaputra/Sites/grafik/system/CodeIgniter.php(824): App\Controllers\BarangController->index()
#3 /Users/pramudyasaputra/Sites/grafik/system/CodeIgniter.php(410): CodeIgniter\CodeIgniter->runController(Object(App\Controllers\BarangController))
#4 /Users/pramudyasaputra/Sites/grafik/system/CodeIgniter.php(318): CodeIgniter\CodeIgniter->handleRequest(NULL, Object(Config\Cache), false)
#5 /Users/pramudyasaputra/Sites/grafik/public/index.php(37): CodeIgniter\CodeIgniter->run()
#6 /Users/pramudyasaputra/Sites/grafik/system/Commands/Server/rewrite.php(43): require_once('/Users/pramudya...')
#7 {main}
CRITICAL - 2021-11-19 09:19:23 --> universitas is not a valid database connection group.
#0 /Users/pramudyasaputra/Sites/grafik/system/Model.php(97): CodeIgniter\Database\Config::connect('universitas')
#1 /Users/pramudyasaputra/Sites/grafik/app/Controllers/BarangController.php(12): CodeIgniter\Model->__construct()
#2 /Users/pramudyasaputra/Sites/grafik/system/CodeIgniter.php(824): App\Controllers\BarangController->index()
#3 /Users/pramudyasaputra/Sites/grafik/system/CodeIgniter.php(410): CodeIgniter\CodeIgniter->runController(Object(App\Controllers\BarangController))
#4 /Users/pramudyasaputra/Sites/grafik/system/CodeIgniter.php(318): CodeIgniter\CodeIgniter->handleRequest(NULL, Object(Config\Cache), false)
#5 /Users/pramudyasaputra/Sites/grafik/public/index.php(37): CodeIgniter\CodeIgniter->run()
#6 /Users/pramudyasaputra/Sites/grafik/system/Commands/Server/rewrite.php(43): require_once('/Users/pramudya...')
#7 {main}
CRITICAL - 2021-11-19 09:19:24 --> universitas is not a valid database connection group.
#0 /Users/pramudyasaputra/Sites/grafik/system/Model.php(97): CodeIgniter\Database\Config::connect('universitas')
#1 /Users/pramudyasaputra/Sites/grafik/app/Controllers/BarangController.php(12): CodeIgniter\Model->__construct()
#2 /Users/pramudyasaputra/Sites/grafik/system/CodeIgniter.php(824): App\Controllers\BarangController->index()
#3 /Users/pramudyasaputra/Sites/grafik/system/CodeIgniter.php(410): CodeIgniter\CodeIgniter->runController(Object(App\Controllers\BarangController))
#4 /Users/pramudyasaputra/Sites/grafik/system/CodeIgniter.php(318): CodeIgniter\CodeIgniter->handleRequest(NULL, Object(Config\Cache), false)
#5 /Users/pramudyasaputra/Sites/grafik/public/index.php(37): CodeIgniter\CodeIgniter->run()
#6 /Users/pramudyasaputra/Sites/grafik/system/Commands/Server/rewrite.php(43): require_once('/Users/pramudya...')
#7 {main}
CRITICAL - 2021-11-19 09:19:24 --> universitas is not a valid database connection group.
#0 /Users/pramudyasaputra/Sites/grafik/system/Model.php(97): CodeIgniter\Database\Config::connect('universitas')
#1 /Users/pramudyasaputra/Sites/grafik/app/Controllers/BarangController.php(12): CodeIgniter\Model->__construct()
#2 /Users/pramudyasaputra/Sites/grafik/system/CodeIgniter.php(824): App\Controllers\BarangController->index()
#3 /Users/pramudyasaputra/Sites/grafik/system/CodeIgniter.php(410): CodeIgniter\CodeIgniter->runController(Object(App\Controllers\BarangController))
#4 /Users/pramudyasaputra/Sites/grafik/system/CodeIgniter.php(318): CodeIgniter\CodeIgniter->handleRequest(NULL, Object(Config\Cache), false)
#5 /Users/pramudyasaputra/Sites/grafik/public/index.php(37): CodeIgniter\CodeIgniter->run()
#6 /Users/pramudyasaputra/Sites/grafik/system/Commands/Server/rewrite.php(43): require_once('/Users/pramudya...')
#7 {main}
CRITICAL - 2021-11-19 09:19:24 --> universitas is not a valid database connection group.
#0 /Users/pramudyasaputra/Sites/grafik/system/Model.php(97): CodeIgniter\Database\Config::connect('universitas')
#1 /Users/pramudyasaputra/Sites/grafik/app/Controllers/BarangController.php(12): CodeIgniter\Model->__construct()
#2 /Users/pramudyasaputra/Sites/grafik/system/CodeIgniter.php(824): App\Controllers\BarangController->index()
#3 /Users/pramudyasaputra/Sites/grafik/system/CodeIgniter.php(410): CodeIgniter\CodeIgniter->runController(Object(App\Controllers\BarangController))
#4 /Users/pramudyasaputra/Sites/grafik/system/CodeIgniter.php(318): CodeIgniter\CodeIgniter->handleRequest(NULL, Object(Config\Cache), false)
#5 /Users/pramudyasaputra/Sites/grafik/public/index.php(37): CodeIgniter\CodeIgniter->run()
#6 /Users/pramudyasaputra/Sites/grafik/system/Commands/Server/rewrite.php(43): require_once('/Users/pramudya...')
#7 {main}
CRITICAL - 2021-11-19 09:19:32 --> universitas is not a valid database connection group.
#0 /Users/pramudyasaputra/Sites/grafik/system/Model.php(97): CodeIgniter\Database\Config::connect('universitas')
#1 /Users/pramudyasaputra/Sites/grafik/app/Controllers/BarangController.php(12): CodeIgniter\Model->__construct()
#2 /Users/pramudyasaputra/Sites/grafik/system/CodeIgniter.php(824): App\Controllers\BarangController->index()
#3 /Users/pramudyasaputra/Sites/grafik/system/CodeIgniter.php(410): CodeIgniter\CodeIgniter->runController(Object(App\Controllers\BarangController))
#4 /Users/pramudyasaputra/Sites/grafik/system/CodeIgniter.php(318): CodeIgniter\CodeIgniter->handleRequest(NULL, Object(Config\Cache), false)
#5 /Users/pramudyasaputra/Sites/grafik/public/index.php(37): CodeIgniter\CodeIgniter->run()
#6 /Users/pramudyasaputra/Sites/grafik/system/Commands/Server/rewrite.php(43): require_once('/Users/pramudya...')
#7 {main}
CRITICAL - 2021-11-19 09:19:33 --> universitas is not a valid database connection group.
#0 /Users/pramudyasaputra/Sites/grafik/system/Model.php(97): CodeIgniter\Database\Config::connect('universitas')
#1 /Users/pramudyasaputra/Sites/grafik/app/Controllers/BarangController.php(12): CodeIgniter\Model->__construct()
#2 /Users/pramudyasaputra/Sites/grafik/system/CodeIgniter.php(824): App\Controllers\BarangController->index()
#3 /Users/pramudyasaputra/Sites/grafik/system/CodeIgniter.php(410): CodeIgniter\CodeIgniter->runController(Object(App\Controllers\BarangController))
#4 /Users/pramudyasaputra/Sites/grafik/system/CodeIgniter.php(318): CodeIgniter\CodeIgniter->handleRequest(NULL, Object(Config\Cache), false)
#5 /Users/pramudyasaputra/Sites/grafik/public/index.php(37): CodeIgniter\CodeIgniter->run()
#6 /Users/pramudyasaputra/Sites/grafik/system/Commands/Server/rewrite.php(43): require_once('/Users/pramudya...')
#7 {main}
CRITICAL - 2021-11-19 09:19:38 --> universitas is not a valid database connection group.
#0 /Users/pramudyasaputra/Sites/grafik/system/Model.php(97): CodeIgniter\Database\Config::connect('universitas')
#1 /Users/pramudyasaputra/Sites/grafik/app/Controllers/BarangController.php(12): CodeIgniter\Model->__construct()
#2 /Users/pramudyasaputra/Sites/grafik/system/CodeIgniter.php(824): App\Controllers\BarangController->index()
#3 /Users/pramudyasaputra/Sites/grafik/system/CodeIgniter.php(410): CodeIgniter\CodeIgniter->runController(Object(App\Controllers\BarangController))
#4 /Users/pramudyasaputra/Sites/grafik/system/CodeIgniter.php(318): CodeIgniter\CodeIgniter->handleRequest(NULL, Object(Config\Cache), false)
#5 /Users/pramudyasaputra/Sites/grafik/public/index.php(37): CodeIgniter\CodeIgniter->run()
#6 /Users/pramudyasaputra/Sites/grafik/system/Commands/Server/rewrite.php(43): require_once('/Users/pramudya...')
#7 {main}
CRITICAL - 2021-11-19 09:19:39 --> universitas is not a valid database connection group.
#0 /Users/pramudyasaputra/Sites/grafik/system/Model.php(97): CodeIgniter\Database\Config::connect('universitas')
#1 /Users/pramudyasaputra/Sites/grafik/app/Controllers/BarangController.php(12): CodeIgniter\Model->__construct()
#2 /Users/pramudyasaputra/Sites/grafik/system/CodeIgniter.php(824): App\Controllers\BarangController->index()
#3 /Users/pramudyasaputra/Sites/grafik/system/CodeIgniter.php(410): CodeIgniter\CodeIgniter->runController(Object(App\Controllers\BarangController))
#4 /Users/pramudyasaputra/Sites/grafik/system/CodeIgniter.php(318): CodeIgniter\CodeIgniter->handleRequest(NULL, Object(Config\Cache), false)
#5 /Users/pramudyasaputra/Sites/grafik/public/index.php(37): CodeIgniter\CodeIgniter->run()
#6 /Users/pramudyasaputra/Sites/grafik/system/Commands/Server/rewrite.php(43): require_once('/Users/pramudya...')
#7 {main}
CRITICAL - 2021-11-19 09:19:39 --> universitas is not a valid database connection group.
#0 /Users/pramudyasaputra/Sites/grafik/system/Model.php(97): CodeIgniter\Database\Config::connect('universitas')
#1 /Users/pramudyasaputra/Sites/grafik/app/Controllers/BarangController.php(12): CodeIgniter\Model->__construct()
#2 /Users/pramudyasaputra/Sites/grafik/system/CodeIgniter.php(824): App\Controllers\BarangController->index()
#3 /Users/pramudyasaputra/Sites/grafik/system/CodeIgniter.php(410): CodeIgniter\CodeIgniter->runController(Object(App\Controllers\BarangController))
#4 /Users/pramudyasaputra/Sites/grafik/system/CodeIgniter.php(318): CodeIgniter\CodeIgniter->handleRequest(NULL, Object(Config\Cache), false)
#5 /Users/pramudyasaputra/Sites/grafik/public/index.php(37): CodeIgniter\CodeIgniter->run()
#6 /Users/pramudyasaputra/Sites/grafik/system/Commands/Server/rewrite.php(43): require_once('/Users/pramudya...')
#7 {main}
CRITICAL - 2021-11-19 09:19:46 --> Array to string conversion
#0 /Users/pramudyasaputra/Sites/grafik/app/Controllers/BarangController.php(13): CodeIgniter\Debug\Exceptions->errorHandler(2, 'Array to string...', '/Users/pramudya...', 13)
#1 /Users/pramudyasaputra/Sites/grafik/system/CodeIgniter.php(824): App\Controllers\BarangController->index()
#2 /Users/pramudyasaputra/Sites/grafik/system/CodeIgniter.php(410): CodeIgniter\CodeIgniter->runController(Object(App\Controllers\BarangController))
#3 /Users/pramudyasaputra/Sites/grafik/system/CodeIgniter.php(318): CodeIgniter\CodeIgniter->handleRequest(NULL, Object(Config\Cache), false)
#4 /Users/pramudyasaputra/Sites/grafik/public/index.php(37): CodeIgniter\CodeIgniter->run()
#5 /Users/pramudyasaputra/Sites/grafik/system/Commands/Server/rewrite.php(43): require_once('/Users/pramudya...')
#6 {main}
CRITICAL - 2021-11-19 09:21:54 --> Class "CodeIgniter\Database\mysql\Connection" not found
#0 /Users/pramudyasaputra/Sites/grafik/system/Database/Database.php(56): CodeIgniter\Database\Database->initDriver('mysql', 'CodeIgniter\\Dat...', Array)
#1 /Users/pramudyasaputra/Sites/grafik/system/Database/Config.php(78): CodeIgniter\Database\Database->load(Array, 'default')
#2 /Users/pramudyasaputra/Sites/grafik/system/Model.php(97): CodeIgniter\Database\Config::connect('default')
#3 /Users/pramudyasaputra/Sites/grafik/app/Controllers/BarangController.php(12): CodeIgniter\Model->__construct()
#4 /Users/pramudyasaputra/Sites/grafik/system/CodeIgniter.php(824): App\Controllers\BarangController->index()
#5 /Users/pramudyasaputra/Sites/grafik/system/CodeIgniter.php(410): CodeIgniter\CodeIgniter->runController(Object(App\Controllers\BarangController))
#6 /Users/pramudyasaputra/Sites/grafik/system/CodeIgniter.php(318): CodeIgniter\CodeIgniter->handleRequest(NULL, Object(Config\Cache), false)
#7 /Users/pramudyasaputra/Sites/grafik/public/index.php(37): CodeIgniter\CodeIgniter->run()
#8 /Users/pramudyasaputra/Sites/grafik/system/Commands/Server/rewrite.php(43): require_once('/Users/pramudya...')
#9 {main}
CRITICAL - 2021-11-19 09:21:55 --> Class "CodeIgniter\Database\mysql\Connection" not found
#0 /Users/pramudyasaputra/Sites/grafik/system/Database/Database.php(56): CodeIgniter\Database\Database->initDriver('mysql', 'CodeIgniter\\Dat...', Array)
#1 /Users/pramudyasaputra/Sites/grafik/system/Database/Config.php(78): CodeIgniter\Database\Database->load(Array, 'default')
#2 /Users/pramudyasaputra/Sites/grafik/system/Model.php(97): CodeIgniter\Database\Config::connect('default')
#3 /Users/pramudyasaputra/Sites/grafik/app/Controllers/BarangController.php(12): CodeIgniter\Model->__construct()
#4 /Users/pramudyasaputra/Sites/grafik/system/CodeIgniter.php(824): App\Controllers\BarangController->index()
#5 /Users/pramudyasaputra/Sites/grafik/system/CodeIgniter.php(410): CodeIgniter\CodeIgniter->runController(Object(App\Controllers\BarangController))
#6 /Users/pramudyasaputra/Sites/grafik/system/CodeIgniter.php(318): CodeIgniter\CodeIgniter->handleRequest(NULL, Object(Config\Cache), false)
#7 /Users/pramudyasaputra/Sites/grafik/public/index.php(37): CodeIgniter\CodeIgniter->run()
#8 /Users/pramudyasaputra/Sites/grafik/system/Commands/Server/rewrite.php(43): require_once('/Users/pramudya...')
#9 {main}
CRITICAL - 2021-11-19 09:22:19 --> Array to string conversion
#0 /Users/pramudyasaputra/Sites/grafik/app/Controllers/BarangController.php(13): CodeIgniter\Debug\Exceptions->errorHandler(2, 'Array to string...', '/Users/pramudya...', 13)
#1 /Users/pramudyasaputra/Sites/grafik/system/CodeIgniter.php(824): App\Controllers\BarangController->index()
#2 /Users/pramudyasaputra/Sites/grafik/system/CodeIgniter.php(410): CodeIgniter\CodeIgniter->runController(Object(App\Controllers\BarangController))
#3 /Users/pramudyasaputra/Sites/grafik/system/CodeIgniter.php(318): CodeIgniter\CodeIgniter->handleRequest(NULL, Object(Config\Cache), false)
#4 /Users/pramudyasaputra/Sites/grafik/public/index.php(37): CodeIgniter\CodeIgniter->run()
#5 /Users/pramudyasaputra/Sites/grafik/system/Commands/Server/rewrite.php(43): require_once('/Users/pramudya...')
#6 {main}
CRITICAL - 2021-11-19 09:22:42 --> Array to string conversion
#0 /Users/pramudyasaputra/Sites/grafik/app/Controllers/BarangController.php(13): CodeIgniter\Debug\Exceptions->errorHandler(2, 'Array to string...', '/Users/pramudya...', 13)
#1 /Users/pramudyasaputra/Sites/grafik/system/CodeIgniter.php(824): App\Controllers\BarangController->index()
#2 /Users/pramudyasaputra/Sites/grafik/system/CodeIgniter.php(410): CodeIgniter\CodeIgniter->runController(Object(App\Controllers\BarangController))
#3 /Users/pramudyasaputra/Sites/grafik/system/CodeIgniter.php(318): CodeIgniter\CodeIgniter->handleRequest(NULL, Object(Config\Cache), false)
#4 /Users/pramudyasaputra/Sites/grafik/public/index.php(37): CodeIgniter\CodeIgniter->run()
#5 /Users/pramudyasaputra/Sites/grafik/system/Commands/Server/rewrite.php(43): require_once('/Users/pramudya...')
#6 {main}
CRITICAL - 2021-11-19 09:29:09 --> syntax error, unexpected identifier "https"
#0 /Users/pramudyasaputra/Sites/grafik/system/View/View.php(217): CodeIgniter\View\View->CodeIgniter\View\{closure}()
#1 /Users/pramudyasaputra/Sites/grafik/system/Common.php(1097): CodeIgniter\View\View->render('view_barang', Array, true)
#2 /Users/pramudyasaputra/Sites/grafik/app/Controllers/BarangController.php(18): view('view_barang', Array)
#3 /Users/pramudyasaputra/Sites/grafik/system/CodeIgniter.php(824): App\Controllers\BarangController->index()
#4 /Users/pramudyasaputra/Sites/grafik/system/CodeIgniter.php(410): CodeIgniter\CodeIgniter->runController(Object(App\Controllers\BarangController))
#5 /Users/pramudyasaputra/Sites/grafik/system/CodeIgniter.php(318): CodeIgniter\CodeIgniter->handleRequest(NULL, Object(Config\Cache), false)
#6 /Users/pramudyasaputra/Sites/grafik/public/index.php(37): CodeIgniter\CodeIgniter->run()
#7 /Users/pramudyasaputra/Sites/grafik/system/Commands/Server/rewrite.php(43): require_once('/Users/pramudya...')
#8 {main}
CRITICAL - 2021-11-19 09:32:01 --> syntax error, unexpected identifier "https"
#0 /Users/pramudyasaputra/Sites/grafik/system/View/View.php(217): CodeIgniter\View\View->CodeIgniter\View\{closure}()
#1 /Users/pramudyasaputra/Sites/grafik/system/Common.php(1097): CodeIgniter\View\View->render('view_barang', Array, true)
#2 /Users/pramudyasaputra/Sites/grafik/app/Controllers/BarangController.php(18): view('view_barang', Array)
#3 /Users/pramudyasaputra/Sites/grafik/system/CodeIgniter.php(824): App\Controllers\BarangController->index()
#4 /Users/pramudyasaputra/Sites/grafik/system/CodeIgniter.php(410): CodeIgniter\CodeIgniter->runController(Object(App\Controllers\BarangController))
#5 /Users/pramudyasaputra/Sites/grafik/system/CodeIgniter.php(318): CodeIgniter\CodeIgniter->handleRequest(NULL, Object(Config\Cache), false)
#6 /Users/pramudyasaputra/Sites/grafik/public/index.php(37): CodeIgniter\CodeIgniter->run()
#7 /Users/pramudyasaputra/Sites/grafik/system/Commands/Server/rewrite.php(43): require_once('/Users/pramudya...')
#8 {main}
CRITICAL - 2021-11-19 09:32:23 --> syntax error, unexpected identifier "https"
#0 /Users/pramudyasaputra/Sites/grafik/system/View/View.php(217): CodeIgniter\View\View->CodeIgniter\View\{closure}()
#1 /Users/pramudyasaputra/Sites/grafik/system/Common.php(1097): CodeIgniter\View\View->render('view_barang', Array, true)
#2 /Users/pramudyasaputra/Sites/grafik/app/Controllers/BarangController.php(18): view('view_barang', Array)
#3 /Users/pramudyasaputra/Sites/grafik/system/CodeIgniter.php(824): App\Controllers\BarangController->index()
#4 /Users/pramudyasaputra/Sites/grafik/system/CodeIgniter.php(410): CodeIgniter\CodeIgniter->runController(Object(App\Controllers\BarangController))
#5 /Users/pramudyasaputra/Sites/grafik/system/CodeIgniter.php(318): CodeIgniter\CodeIgniter->handleRequest(NULL, Object(Config\Cache), false)
#6 /Users/pramudyasaputra/Sites/grafik/public/index.php(37): CodeIgniter\CodeIgniter->run()
#7 /Users/pramudyasaputra/Sites/grafik/system/Commands/Server/rewrite.php(43): require_once('/Users/pramudya...')
#8 {main}
CRITICAL - 2021-11-19 09:33:47 --> Attempt to read property "merk" on array
#0 /Users/pramudyasaputra/Sites/grafik/app/Views/view_barang.php(17): CodeIgniter\Debug\Exceptions->errorHandler(2, 'Attempt to read...', '/Users/pramudya...', 17)
#1 /Users/pramudyasaputra/Sites/grafik/system/View/View.php(214): include('/Users/pramudya...')
#2 /Users/pramudyasaputra/Sites/grafik/system/View/View.php(217): CodeIgniter\View\View->CodeIgniter\View\{closure}()
#3 /Users/pramudyasaputra/Sites/grafik/system/Common.php(1097): CodeIgniter\View\View->render('view_barang', Array, true)
#4 /Users/pramudyasaputra/Sites/grafik/app/Controllers/BarangController.php(18): view('view_barang', Array)
#5 /Users/pramudyasaputra/Sites/grafik/system/CodeIgniter.php(824): App\Controllers\BarangController->index()
#6 /Users/pramudyasaputra/Sites/grafik/system/CodeIgniter.php(410): CodeIgniter\CodeIgniter->runController(Object(App\Controllers\BarangController))
#7 /Users/pramudyasaputra/Sites/grafik/system/CodeIgniter.php(318): CodeIgniter\CodeIgniter->handleRequest(NULL, Object(Config\Cache), false)
#8 /Users/pramudyasaputra/Sites/grafik/public/index.php(37): CodeIgniter\CodeIgniter->run()
#9 /Users/pramudyasaputra/Sites/grafik/system/Commands/Server/rewrite.php(43): require_once('/Users/pramudya...')
#10 {main}
CRITICAL - 2021-11-19 09:34:48 --> Array to string conversion
#0 /Users/pramudyasaputra/Sites/grafik/app/Views/view_barang.php(17): CodeIgniter\Debug\Exceptions->errorHandler(2, 'Array to string...', '/Users/pramudya...', 17)
#1 /Users/pramudyasaputra/Sites/grafik/system/View/View.php(214): include('/Users/pramudya...')
#2 /Users/pramudyasaputra/Sites/grafik/system/View/View.php(217): CodeIgniter\View\View->CodeIgniter\View\{closure}()
#3 /Users/pramudyasaputra/Sites/grafik/system/Common.php(1097): CodeIgniter\View\View->render('view_barang', Array, true)
#4 /Users/pramudyasaputra/Sites/grafik/app/Controllers/BarangController.php(18): view('view_barang', Array)
#5 /Users/pramudyasaputra/Sites/grafik/system/CodeIgniter.php(824): App\Controllers\BarangController->index()
#6 /Users/pramudyasaputra/Sites/grafik/system/CodeIgniter.php(410): CodeIgniter\CodeIgniter->runController(Object(App\Controllers\BarangController))
#7 /Users/pramudyasaputra/Sites/grafik/system/CodeIgniter.php(318): CodeIgniter\CodeIgniter->handleRequest(NULL, Object(Config\Cache), false)
#8 /Users/pramudyasaputra/Sites/grafik/public/index.php(37): CodeIgniter\CodeIgniter->run()
#9 /Users/pramudyasaputra/Sites/grafik/system/Commands/Server/rewrite.php(43): require_once('/Users/pramudya...')
#10 {main}
CRITICAL - 2021-11-19 09:34:55 --> Undefined array key 0
#0 /Users/pramudyasaputra/Sites/grafik/app/Views/view_barang.php(17): CodeIgniter\Debug\Exceptions->errorHandler(2, 'Undefined array...', '/Users/pramudya...', 17)
#1 /Users/pramudyasaputra/Sites/grafik/system/View/View.php(214): include('/Users/pramudya...')
#2 /Users/pramudyasaputra/Sites/grafik/system/View/View.php(217): CodeIgniter\View\View->CodeIgniter\View\{closure}()
#3 /Users/pramudyasaputra/Sites/grafik/system/Common.php(1097): CodeIgniter\View\View->render('view_barang', Array, true)
#4 /Users/pramudyasaputra/Sites/grafik/app/Controllers/BarangController.php(18): view('view_barang', Array)
#5 /Users/pramudyasaputra/Sites/grafik/system/CodeIgniter.php(824): App\Controllers\BarangController->index()
#6 /Users/pramudyasaputra/Sites/grafik/system/CodeIgniter.php(410): CodeIgniter\CodeIgniter->runController(Object(App\Controllers\BarangController))
#7 /Users/pramudyasaputra/Sites/grafik/system/CodeIgniter.php(318): CodeIgniter\CodeIgniter->handleRequest(NULL, Object(Config\Cache), false)
#8 /Users/pramudyasaputra/Sites/grafik/public/index.php(37): CodeIgniter\CodeIgniter->run()
#9 /Users/pramudyasaputra/Sites/grafik/system/Commands/Server/rewrite.php(43): require_once('/Users/pramudya...')
#10 {main}
CRITICAL - 2021-11-19 09:35:00 --> Attempt to read property "nama" on array
#0 /Users/pramudyasaputra/Sites/grafik/app/Views/view_barang.php(17): CodeIgniter\Debug\Exceptions->errorHandler(2, 'Attempt to read...', '/Users/pramudya...', 17)
#1 /Users/pramudyasaputra/Sites/grafik/system/View/View.php(214): include('/Users/pramudya...')
#2 /Users/pramudyasaputra/Sites/grafik/system/View/View.php(217): CodeIgniter\View\View->CodeIgniter\View\{closure}()
#3 /Users/pramudyasaputra/Sites/grafik/system/Common.php(1097): CodeIgniter\View\View->render('view_barang', Array, true)
#4 /Users/pramudyasaputra/Sites/grafik/app/Controllers/BarangController.php(18): view('view_barang', Array)
#5 /Users/pramudyasaputra/Sites/grafik/system/CodeIgniter.php(824): App\Controllers\BarangController->index()
#6 /Users/pramudyasaputra/Sites/grafik/system/CodeIgniter.php(410): CodeIgniter\CodeIgniter->runController(Object(App\Controllers\BarangController))
#7 /Users/pramudyasaputra/Sites/grafik/system/CodeIgniter.php(318): CodeIgniter\CodeIgniter->handleRequest(NULL, Object(Config\Cache), false)
#8 /Users/pramudyasaputra/Sites/grafik/public/index.php(37): CodeIgniter\CodeIgniter->run()
#9 /Users/pramudyasaputra/Sites/grafik/system/Commands/Server/rewrite.php(43): require_once('/Users/pramudya...')
#10 {main}
CRITICAL - 2021-11-19 09:35:11 --> Array to string conversion
#0 /Users/pramudyasaputra/Sites/grafik/app/Views/view_barang.php(17): CodeIgniter\Debug\Exceptions->errorHandler(2, 'Array to string...', '/Users/pramudya...', 17)
#1 /Users/pramudyasaputra/Sites/grafik/system/View/View.php(214): include('/Users/pramudya...')
#2 /Users/pramudyasaputra/Sites/grafik/system/View/View.php(217): CodeIgniter\View\View->CodeIgniter\View\{closure}()
#3 /Users/pramudyasaputra/Sites/grafik/system/Common.php(1097): CodeIgniter\View\View->render('view_barang', Array, true)
#4 /Users/pramudyasaputra/Sites/grafik/app/Controllers/BarangController.php(18): view('view_barang', Array)
#5 /Users/pramudyasaputra/Sites/grafik/system/CodeIgniter.php(824): App\Controllers\BarangController->index()
#6 /Users/pramudyasaputra/Sites/grafik/system/CodeIgniter.php(410): CodeIgniter\CodeIgniter->runController(Object(App\Controllers\BarangController))
#7 /Users/pramudyasaputra/Sites/grafik/system/CodeIgniter.php(318): CodeIgniter\CodeIgniter->handleRequest(NULL, Object(Config\Cache), false)
#8 /Users/pramudyasaputra/Sites/grafik/public/index.php(37): CodeIgniter\CodeIgniter->run()
#9 /Users/pramudyasaputra/Sites/grafik/system/Commands/Server/rewrite.php(43): require_once('/Users/pramudya...')
#10 {main}
CRITICAL - 2021-11-19 09:35:21 --> Attempt to read property "merk" on array
#0 /Users/pramudyasaputra/Sites/grafik/app/Views/view_barang.php(17): CodeIgniter\Debug\Exceptions->errorHandler(2, 'Attempt to read...', '/Users/pramudya...', 17)
#1 /Users/pramudyasaputra/Sites/grafik/system/View/View.php(214): include('/Users/pramudya...')
#2 /Users/pramudyasaputra/Sites/grafik/system/View/View.php(217): CodeIgniter\View\View->CodeIgniter\View\{closure}()
#3 /Users/pramudyasaputra/Sites/grafik/system/Common.php(1097): CodeIgniter\View\View->render('view_barang', Array, true)
#4 /Users/pramudyasaputra/Sites/grafik/app/Controllers/BarangController.php(18): view('view_barang', Array)
#5 /Users/pramudyasaputra/Sites/grafik/system/CodeIgniter.php(824): App\Controllers\BarangController->index()
#6 /Users/pramudyasaputra/Sites/grafik/system/CodeIgniter.php(410): CodeIgniter\CodeIgniter->runController(Object(App\Controllers\BarangController))
#7 /Users/pramudyasaputra/Sites/grafik/system/CodeIgniter.php(318): CodeIgniter\CodeIgniter->handleRequest(NULL, Object(Config\Cache), false)
#8 /Users/pramudyasaputra/Sites/grafik/public/index.php(37): CodeIgniter\CodeIgniter->run()
#9 /Users/pramudyasaputra/Sites/grafik/system/Commands/Server/rewrite.php(43): require_once('/Users/pramudya...')
#10 {main}
CRITICAL - 2021-11-19 09:40:52 --> syntax error, unexpected token ";", expecting "]"
#0 /Users/pramudyasaputra/Sites/grafik/system/Autoloader/Autoloader.php(241): CodeIgniter\Autoloader\Autoloader->includeFile('/Users/pramudya...')
#1 /Users/pramudyasaputra/Sites/grafik/system/Autoloader/Autoloader.php(219): CodeIgniter\Autoloader\Autoloader->loadInNamespace('App\\Controllers...')
#2 [internal function]: CodeIgniter\Autoloader\Autoloader->loadClass('App\\Controllers...')
#3 /Users/pramudyasaputra/Sites/grafik/system/CodeIgniter.php(789): class_exists('\\App\\Controller...', true)
#4 /Users/pramudyasaputra/Sites/grafik/system/CodeIgniter.php(397): CodeIgniter\CodeIgniter->startController()
#5 /Users/pramudyasaputra/Sites/grafik/system/CodeIgniter.php(318): CodeIgniter\CodeIgniter->handleRequest(NULL, Object(Config\Cache), false)
#6 /Users/pramudyasaputra/Sites/grafik/public/index.php(37): CodeIgniter\CodeIgniter->run()
#7 /Users/pramudyasaputra/Sites/grafik/system/Commands/Server/rewrite.php(43): require_once('/Users/pramudya...')
#8 {main}
CRITICAL - 2021-11-19 09:43:34 --> Cannot use object of type mysqli as array
#0 /Users/pramudyasaputra/Sites/grafik/system/View/View.php(214): include()
#1 /Users/pramudyasaputra/Sites/grafik/system/View/View.php(217): CodeIgniter\View\View->CodeIgniter\View\{closure}()
#2 /Users/pramudyasaputra/Sites/grafik/system/Common.php(1097): CodeIgniter\View\View->render('view_barang', Array, true)
#3 /Users/pramudyasaputra/Sites/grafik/app/Controllers/BarangController.php(18): view('view_barang', Array)
#4 /Users/pramudyasaputra/Sites/grafik/system/CodeIgniter.php(824): App\Controllers\BarangController->index()
#5 /Users/pramudyasaputra/Sites/grafik/system/CodeIgniter.php(410): CodeIgniter\CodeIgniter->runController(Object(App\Controllers\BarangController))
#6 /Users/pramudyasaputra/Sites/grafik/system/CodeIgniter.php(318): CodeIgniter\CodeIgniter->handleRequest(NULL, Object(Config\Cache), false)
#7 /Users/pramudyasaputra/Sites/grafik/public/index.php(37): CodeIgniter\CodeIgniter->run()
#8 /Users/pramudyasaputra/Sites/grafik/system/Commands/Server/rewrite.php(43): require_once('/Users/pramudya...')
#9 {main}
CRITICAL - 2021-11-19 09:44:37 --> foreach() argument must be of type array|object, string given
#0 /Users/pramudyasaputra/Sites/grafik/app/Views/view_barang.php(15): CodeIgniter\Debug\Exceptions->errorHandler(2, 'foreach() argum...', '/Users/pramudya...', 15)
#1 /Users/pramudyasaputra/Sites/grafik/system/View/View.php(214): include('/Users/pramudya...')
#2 /Users/pramudyasaputra/Sites/grafik/system/View/View.php(217): CodeIgniter\View\View->CodeIgniter\View\{closure}()
#3 /Users/pramudyasaputra/Sites/grafik/system/Common.php(1097): CodeIgniter\View\View->render('view_barang', Array, true)
#4 /Users/pramudyasaputra/Sites/grafik/app/Controllers/BarangController.php(20): view('view_barang', Array)
#5 /Users/pramudyasaputra/Sites/grafik/system/CodeIgniter.php(824): App\Controllers\BarangController->index()
#6 /Users/pramudyasaputra/Sites/grafik/system/CodeIgniter.php(410): CodeIgniter\CodeIgniter->runController(Object(App\Controllers\BarangController))
#7 /Users/pramudyasaputra/Sites/grafik/system/CodeIgniter.php(318): CodeIgniter\CodeIgniter->handleRequest(NULL, Object(Config\Cache), false)
#8 /Users/pramudyasaputra/Sites/grafik/public/index.php(37): CodeIgniter\CodeIgniter->run()
#9 /Users/pramudyasaputra/Sites/grafik/system/Commands/Server/rewrite.php(43): require_once('/Users/pramudya...')
#10 {main}
CRITICAL - 2021-11-19 09:44:38 --> foreach() argument must be of type array|object, string given
#0 /Users/pramudyasaputra/Sites/grafik/app/Views/view_barang.php(15): CodeIgniter\Debug\Exceptions->errorHandler(2, 'foreach() argum...', '/Users/pramudya...', 15)
#1 /Users/pramudyasaputra/Sites/grafik/system/View/View.php(214): include('/Users/pramudya...')
#2 /Users/pramudyasaputra/Sites/grafik/system/View/View.php(217): CodeIgniter\View\View->CodeIgniter\View\{closure}()
#3 /Users/pramudyasaputra/Sites/grafik/system/Common.php(1097): CodeIgniter\View\View->render('view_barang', Array, true)
#4 /Users/pramudyasaputra/Sites/grafik/app/Controllers/BarangController.php(20): view('view_barang', Array)
#5 /Users/pramudyasaputra/Sites/grafik/system/CodeIgniter.php(824): App\Controllers\BarangController->index()
#6 /Users/pramudyasaputra/Sites/grafik/system/CodeIgniter.php(410): CodeIgniter\CodeIgniter->runController(Object(App\Controllers\BarangController))
#7 /Users/pramudyasaputra/Sites/grafik/system/CodeIgniter.php(318): CodeIgniter\CodeIgniter->handleRequest(NULL, Object(Config\Cache), false)
#8 /Users/pramudyasaputra/Sites/grafik/public/index.php(37): CodeIgniter\CodeIgniter->run()
#9 /Users/pramudyasaputra/Sites/grafik/system/Commands/Server/rewrite.php(43): require_once('/Users/pramudya...')
#10 {main}
